#-----------------------------------------------------------
# Webtalk v2018.3 (64-bit)
# SW Build 2405991 on Thu Dec  6 23:38:27 MST 2018
# 
# Start of session at: Thu Jul 31 20:55:49 2025
# Process ID: 10016
# Current directory: E:/141/HDMI18.3/HDMI18.3.sdk/webtalk
# Command line: wbtcv.exe -mode batch -source sdk_webtalk.tcl
# Log file: E:/141/HDMI18.3/HDMI18.3.sdk/webtalk/webtalk.log
# Journal file: E:/141/HDMI18.3/HDMI18.3.sdk/webtalk\webtalk.jou
#-----------------------------------------------------------
source sdk_webtalk.tcl
# webtalk_init -webtalk_dir E:\\141\\HDMI18.3\\HDMI18.3.sdk\\webtalk
# webtalk_register_client -client project
# webtalk_add_data -client project -key date_generated -value "2025-07-31 20:55:44" -context "software_version_and_target_device"
# webtalk_add_data -client project -key product_version -value "SDK v2018.3" -context "software_version_and_target_device"
# webtalk_add_data -client project -key build_version -value "2018.3" -context "software_version_and_target_device"
# webtalk_add_data -client project -key os_platform -value "amd64" -context "software_version_and_target_device"
# webtalk_add_data -client project -key registration_id -value "" -context "software_version_and_target_device"
# webtalk_add_data -client project -key tool_flow -value "SDK" -context "software_version_and_target_device"
# webtalk_add_data -client project -key beta -value "false" -context "software_version_and_target_device"
# webtalk_add_data -client project -key route_design -value "NA" -context "software_version_and_target_device"
# webtalk_add_data -client project -key target_family -value "NA" -context "software_version_and_target_device"
# webtalk_add_data -client project -key target_device -value "NA" -context "software_version_and_target_device"
# webtalk_add_data -client project -key target_package -value "NA" -context "software_version_and_target_device"
# webtalk_add_data -client project -key target_speed -value "NA" -context "software_version_and_target_device"
# webtalk_add_data -client project -key random_id -value "mmj06skmcq1o18b4scrmp1nm5a" -context "software_version_and_target_device"
# webtalk_add_data -client project -key project_id -value "2018.3_7" -context "software_version_and_target_device"
# webtalk_add_data -client project -key project_iteration -value "7" -context "software_version_and_target_device"
# webtalk_add_data -client project -key os_name -value "Microsoft Windows 8 or later , 64-bit" -context "user_environment"
# webtalk_add_data -client project -key os_release -value "major release  (build 9200)" -context "user_environment"
# webtalk_add_data -client project -key cpu_name -value "Intel(R) Core(TM) i3-7100T CPU @ 3.40GHz" -context "user_environment"
# webtalk_add_data -client project -key cpu_speed -value "3408 MHz" -context "user_environment"
# webtalk_add_data -client project -key total_processors -value "1" -context "user_environment"
# webtalk_add_data -client project -key system_ram -value "12.767 GB" -context "user_environment"
# webtalk_register_client -client sdk
# webtalk_add_data -client sdk -key uid -value "1753980243751" -context "sdk\\\\bsp/1753980243751"
# webtalk_add_data -client sdk -key hwid -value "1739151182849" -context "sdk\\\\bsp/1753980243751"
# webtalk_add_data -client sdk -key os -value "standalone" -context "sdk\\\\bsp/1753980243751"
# webtalk_add_data -client sdk -key apptemplate -value "null" -context "sdk\\\\bsp/1753980243751"
# webtalk_add_data -client sdk -key RecordType -value "BSPCreation" -context "sdk\\\\bsp/1753980243751"
# webtalk_add_data -client sdk -key uid -value "1753980804642" -context "sdk\\\\bsp/1753980804642"
# webtalk_add_data -client sdk -key hwid -value "1739151182849" -context "sdk\\\\bsp/1753980804642"
# webtalk_add_data -client sdk -key os -value "standalone" -context "sdk\\\\bsp/1753980804642"
# webtalk_add_data -client sdk -key apptemplate -value "zynq_fsbl" -context "sdk\\\\bsp/1753980804642"
# webtalk_add_data -client sdk -key RecordType -value "BSPCreation" -context "sdk\\\\bsp/1753980804642"
# webtalk_add_data -client sdk -key uid -value "1753980814803" -context "sdk\\\\application/1753980814803"
# webtalk_add_data -client sdk -key hwid -value "1739151182849" -context "sdk\\\\application/1753980814803"
# webtalk_add_data -client sdk -key bspid -value "1753980804642" -context "sdk\\\\application/1753980814803"
# webtalk_add_data -client sdk -key newbsp -value "true" -context "sdk\\\\application/1753980814803"
# webtalk_add_data -client sdk -key os -value "standalone" -context "sdk\\\\application/1753980814803"
# webtalk_add_data -client sdk -key apptemplate -value "zynq_fsbl" -context "sdk\\\\application/1753980814803"
# webtalk_add_data -client sdk -key RecordType -value "APPCreation" -context "sdk\\\\application/1753980814803"
# webtalk_add_data -client sdk -key LangUsed -value "C" -context "sdk\\\\application/1753980814803"
# webtalk_add_data -client sdk -key Procused -value "ps7_cortexa9" -context "sdk\\\\application/1753980814803"
# webtalk_add_data -client sdk -key projSize -value "635.85546875" -context "sdk\\\\application/1753980814803"
# webtalk_add_data -client sdk -key uid -value "1753981157317" -context "sdk\\\\bsp/1753981157317"
# webtalk_add_data -client sdk -key hwid -value "1739151182849" -context "sdk\\\\bsp/1753981157317"
# webtalk_add_data -client sdk -key os -value "device_tree" -context "sdk\\\\bsp/1753981157317"
# webtalk_add_data -client sdk -key apptemplate -value "null" -context "sdk\\\\bsp/1753981157317"
# webtalk_add_data -client sdk -key RecordType -value "BSPCreation" -context "sdk\\\\bsp/1753981157317"
# webtalk_add_data -client sdk -key uid -value "NA" -context "sdk\\\\bsp/1753984543899"
# webtalk_add_data -client sdk -key RecordType -value "ToolUsage" -context "sdk\\\\bsp/1753984543899"
# webtalk_add_data -client sdk -key BootgenCount -value "1" -context "sdk\\\\bsp/1753984543899"
# webtalk_add_data -client sdk -key DebugCount -value "0" -context "sdk\\\\bsp/1753984543899"
# webtalk_add_data -client sdk -key PerfCount -value "0" -context "sdk\\\\bsp/1753984543899"
# webtalk_add_data -client sdk -key FlashCount -value "0" -context "sdk\\\\bsp/1753984543899"
# webtalk_add_data -client sdk -key CrossTriggCount -value "0" -context "sdk\\\\bsp/1753984543899"
# webtalk_add_data -client sdk -key QemuDebugCount -value "0" -context "sdk\\\\bsp/1753984543899"
# webtalk_transmit -clientid 1842094270 -regid "" -xml E:\\141\\HDMI18.3\\HDMI18.3.sdk\\webtalk\\usage_statistics_ext_sdk.xml -html E:\\141\\HDMI18.3\\HDMI18.3.sdk\\webtalk\\usage_statistics_ext_sdk.html -wdm E:\\141\\HDMI18.3\\HDMI18.3.sdk\\webtalk\\sdk_webtalk.wdm -intro "<H3>SDK Usage Report</H3><BR>"
# webtalk_terminate
INFO: [Common 17-206] Exiting Webtalk at Thu Jul 31 20:55:55 2025...
