#-----------------------------------------------------------
# Webtalk v2018.2 (64-bit)
# SW Build 2258646 on Thu Jun 14 20:03:12 MDT 2018
# 
# Start of session at: Tue May 14 17:13:06 2024
# Process ID: 267184
# Current directory: D:/Zynq/Ant_HDMI_AudioPWM/Ant_HDMI_AudioPWM.sdk/webtalk
# Command line: wbtcv.exe -mode batch -source sdk_webtalk.tcl
# Log file: D:/Zynq/Ant_HDMI_AudioPWM/Ant_HDMI_AudioPWM.sdk/webtalk/webtalk.log
# Journal file: D:/Zynq/Ant_HDMI_AudioPWM/Ant_HDMI_AudioPWM.sdk/webtalk\webtalk.jou
#-----------------------------------------------------------
source sdk_webtalk.tcl
# webtalk_init -webtalk_dir D:\\Zynq\\Ant_HDMI_AudioPWM\\Ant_HDMI_AudioPWM.sdk\\webtalk
# webtalk_register_client -client project
# webtalk_add_data -client project -key date_generated -value "2024-05-14 17:13:04" -context "software_version_and_target_device"
# webtalk_add_data -client project -key product_version -value "SDK v2018.2" -context "software_version_and_target_device"
# webtalk_add_data -client project -key build_version -value "2018.2" -context "software_version_and_target_device"
# webtalk_add_data -client project -key os_platform -value "amd64" -context "software_version_and_target_device"
# webtalk_add_data -client project -key registration_id -value "" -context "software_version_and_target_device"
# webtalk_add_data -client project -key tool_flow -value "SDK" -context "software_version_and_target_device"
# webtalk_add_data -client project -key beta -value "false" -context "software_version_and_target_device"
# webtalk_add_data -client project -key route_design -value "NA" -context "software_version_and_target_device"
# webtalk_add_data -client project -key target_family -value "NA" -context "software_version_and_target_device"
# webtalk_add_data -client project -key target_device -value "NA" -context "software_version_and_target_device"
# webtalk_add_data -client project -key target_package -value "NA" -context "software_version_and_target_device"
# webtalk_add_data -client project -key target_speed -value "NA" -context "software_version_and_target_device"
# webtalk_add_data -client project -key random_id -value "qjm0nsrcklfio3pe9uticruucc" -context "software_version_and_target_device"
# webtalk_add_data -client project -key project_id -value "2018.2_9" -context "software_version_and_target_device"
# webtalk_add_data -client project -key project_iteration -value "9" -context "software_version_and_target_device"
# webtalk_add_data -client project -key os_name -value "Microsoft Windows 8 or later , 64-bit" -context "user_environment"
# webtalk_add_data -client project -key os_release -value "major release  (build 9200)" -context "user_environment"
# webtalk_add_data -client project -key cpu_name -value "AMD Ryzen 5 4600H with Radeon Graphics         " -context "user_environment"
# webtalk_add_data -client project -key cpu_speed -value "2994 MHz" -context "user_environment"
# webtalk_add_data -client project -key total_processors -value "2" -context "user_environment"
# webtalk_add_data -client project -key system_ram -value "16.557 GB" -context "user_environment"
# webtalk_register_client -client sdk
# webtalk_add_data -client sdk -key uid -value "1715676762026" -context "sdk\\\\hardware/1715676762026"
# webtalk_add_data -client sdk -key isZynq -value "true" -context "sdk\\\\hardware/1715676762026"
# webtalk_add_data -client sdk -key isZynqMP -value "false" -context "sdk\\\\hardware/1715676762026"
# webtalk_add_data -client sdk -key Processors -value "2" -context "sdk\\\\hardware/1715676762026"
# webtalk_add_data -client sdk -key VivadoVersion -value "2018.2" -context "sdk\\\\hardware/1715676762026"
# webtalk_add_data -client sdk -key Arch -value "zynq" -context "sdk\\\\hardware/1715676762026"
# webtalk_add_data -client sdk -key Device -value "7z010" -context "sdk\\\\hardware/1715676762026"
# webtalk_add_data -client sdk -key IsHandoff -value "true" -context "sdk\\\\hardware/1715676762026"
# webtalk_add_data -client sdk -key os -value "NA" -context "sdk\\\\hardware/1715676762026"
# webtalk_add_data -client sdk -key apptemplate -value "NA" -context "sdk\\\\hardware/1715676762026"
# webtalk_add_data -client sdk -key RecordType -value "HWCreation" -context "sdk\\\\hardware/1715676762026"
# webtalk_add_data -client sdk -key uid -value "1715676903709" -context "sdk\\\\bsp/1715676903709"
# webtalk_add_data -client sdk -key hwid -value "1715676762026" -context "sdk\\\\bsp/1715676903709"
# webtalk_add_data -client sdk -key os -value "standalone" -context "sdk\\\\bsp/1715676903709"
# webtalk_add_data -client sdk -key apptemplate -value "zynq_fsbl" -context "sdk\\\\bsp/1715676903709"
# webtalk_add_data -client sdk -key RecordType -value "BSPCreation" -context "sdk\\\\bsp/1715676903709"
# webtalk_add_data -client sdk -key uid -value "1715676913915" -context "sdk\\\\application/1715676913915"
# webtalk_add_data -client sdk -key hwid -value "1715676762026" -context "sdk\\\\application/1715676913915"
# webtalk_add_data -client sdk -key bspid -value "1715676903709" -context "sdk\\\\application/1715676913915"
# webtalk_add_data -client sdk -key newbsp -value "true" -context "sdk\\\\application/1715676913915"
# webtalk_add_data -client sdk -key os -value "standalone" -context "sdk\\\\application/1715676913915"
# webtalk_add_data -client sdk -key apptemplate -value "zynq_fsbl" -context "sdk\\\\application/1715676913915"
# webtalk_add_data -client sdk -key RecordType -value "APPCreation" -context "sdk\\\\application/1715676913915"
# webtalk_add_data -client sdk -key LangUsed -value "C" -context "sdk\\\\application/1715676913915"
# webtalk_add_data -client sdk -key Procused -value "ps7_cortexa9" -context "sdk\\\\application/1715676913915"
# webtalk_add_data -client sdk -key projSize -value "639.3125" -context "sdk\\\\application/1715676913915"
# webtalk_add_data -client sdk -key uid -value "1715677011684" -context "sdk\\\\bsp/1715677011684"
# webtalk_add_data -client sdk -key hwid -value "1715676762026" -context "sdk\\\\bsp/1715677011684"
# webtalk_add_data -client sdk -key os -value "device_tree" -context "sdk\\\\bsp/1715677011684"
# webtalk_add_data -client sdk -key apptemplate -value "null" -context "sdk\\\\bsp/1715677011684"
# webtalk_add_data -client sdk -key RecordType -value "BSPCreation" -context "sdk\\\\bsp/1715677011684"
# webtalk_add_data -client sdk -key uid -value "1715685863228" -context "sdk\\\\application/1715685863228"
# webtalk_add_data -client sdk -key hwid -value "1715676762026" -context "sdk\\\\application/1715685863228"
# webtalk_add_data -client sdk -key bspid -value "1715676903709" -context "sdk\\\\application/1715685863228"
# webtalk_add_data -client sdk -key newbsp -value "false" -context "sdk\\\\application/1715685863228"
# webtalk_add_data -client sdk -key os -value "standalone" -context "sdk\\\\application/1715685863228"
# webtalk_add_data -client sdk -key apptemplate -value "lwip_echo_server" -context "sdk\\\\application/1715685863228"
# webtalk_add_data -client sdk -key RecordType -value "APPCreation" -context "sdk\\\\application/1715685863228"
# webtalk_add_data -client sdk -key LangUsed -value "C" -context "sdk\\\\application/1715685863228"
# webtalk_add_data -client sdk -key Procused -value "ps7_cortexa9" -context "sdk\\\\application/1715685863228"
# webtalk_add_data -client sdk -key projSize -value "1001.34375" -context "sdk\\\\application/1715685863228"
# webtalk_add_data -client sdk -key uid -value "NA" -context "sdk\\\\bsp/1715695984740"
# webtalk_add_data -client sdk -key RecordType -value "ToolUsage" -context "sdk\\\\bsp/1715695984740"
# webtalk_add_data -client sdk -key BootgenCount -value "4" -context "sdk\\\\bsp/1715695984740"
# webtalk_add_data -client sdk -key DebugCount -value "5" -context "sdk\\\\bsp/1715695984740"
# webtalk_add_data -client sdk -key PerfCount -value "0" -context "sdk\\\\bsp/1715695984740"
# webtalk_add_data -client sdk -key FlashCount -value "4" -context "sdk\\\\bsp/1715695984740"
# webtalk_add_data -client sdk -key CrossTriggCount -value "0" -context "sdk\\\\bsp/1715695984740"
# webtalk_add_data -client sdk -key QemuDebugCount -value "0" -context "sdk\\\\bsp/1715695984740"
# webtalk_transmit -clientid 3929352407 -regid "" -xml D:\\Zynq\\Ant_HDMI_AudioPWM\\Ant_HDMI_AudioPWM.sdk\\webtalk\\usage_statistics_ext_sdk.xml -html D:\\Zynq\\Ant_HDMI_AudioPWM\\Ant_HDMI_AudioPWM.sdk\\webtalk\\usage_statistics_ext_sdk.html -wdm D:\\Zynq\\Ant_HDMI_AudioPWM\\Ant_HDMI_AudioPWM.sdk\\webtalk\\sdk_webtalk.wdm -intro "<H3>SDK Usage Report</H3><BR>"
# webtalk_terminate
INFO: [Common 17-206] Exiting Webtalk at Tue May 14 17:13:14 2024...
