19:52:27 **** Build of project fsbl_bsp ****
make -k all 
"Running Make include in ps7_cortexa9_0/libsrc/axivdma_v6_0/src"
make -C ps7_cortexa9_0/libsrc/axivdma_v6_0/src -s include  "SHELL=CMD" "COMPILER=arm-xilinx-eabi-gcc" "ARCHIVER=arm-xilinx-eabi-ar" "COMPILER_FLAGS=  -O2 -c" "EXTRA_COMPILER_FLAGS=-g"
"Running Make include in ps7_cortexa9_0/libsrc/coresightps_dcc_v1_2/src"
make -C ps7_cortexa9_0/libsrc/coresightps_dcc_v1_2/src -s include  "SHELL=CMD" "COMPILER=arm-xilinx-eabi-gcc" "ARCHIVER=arm-xilinx-eabi-ar" "COMPILER_FLAGS=  -O2 -c" "EXTRA_COMPILER_FLAGS=-g"
"Running Make include in ps7_cortexa9_0/libsrc/cpu_cortexa9_v2_1/src"
make -C ps7_cortexa9_0/libsrc/cpu_cortexa9_v2_1/src -s include  "SHELL=CMD" "COMPILER=arm-xilinx-eabi-gcc" "ARCHIVER=arm-xilinx-eabi-ar" "COMPILER_FLAGS=  -O2 -c" "EXTRA_COMPILER_FLAGS=-g"
"Running Make include in ps7_cortexa9_0/libsrc/ddrps_v1_0/src"
make -C ps7_cortexa9_0/libsrc/ddrps_v1_0/src -s include  "SHELL=CMD" "COMPILER=arm-xilinx-eabi-gcc" "ARCHIVER=arm-xilinx-eabi-ar" "COMPILER_FLAGS=  -O2 -c" "EXTRA_COMPILER_FLAGS=-g"
"Running Make include in ps7_cortexa9_0/libsrc/devcfg_v3_3/src"
make -C ps7_cortexa9_0/libsrc/devcfg_v3_3/src -s include  "SHELL=CMD" "COMPILER=arm-xilinx-eabi-gcc" "ARCHIVER=arm-xilinx-eabi-ar" "COMPILER_FLAGS=  -O2 -c" "EXTRA_COMPILER_FLAGS=-g"
"Running Make include in ps7_cortexa9_0/libsrc/dmaps_v2_1/src"
make -C ps7_cortexa9_0/libsrc/dmaps_v2_1/src -s include  "SHELL=CMD" "COMPILER=arm-xilinx-eabi-gcc" "ARCHIVER=arm-xilinx-eabi-ar" "COMPILER_FLAGS=  -O2 -c" "EXTRA_COMPILER_FLAGS=-g"
"Running Make include in ps7_cortexa9_0/libsrc/emacps_v3_1/src"
make -C ps7_cortexa9_0/libsrc/emacps_v3_1/src -s include  "SHELL=CMD" "COMPILER=arm-xilinx-eabi-gcc" "ARCHIVER=arm-xilinx-eabi-ar" "COMPILER_FLAGS=  -O2 -c" "EXTRA_COMPILER_FLAGS=-g"
"Running Make include in ps7_cortexa9_0/libsrc/gpiops_v3_1/src"
make -C ps7_cortexa9_0/libsrc/gpiops_v3_1/src -s include  "SHELL=CMD" "COMPILER=arm-xilinx-eabi-gcc" "ARCHIVER=arm-xilinx-eabi-ar" "COMPILER_FLAGS=  -O2 -c" "EXTRA_COMPILER_FLAGS=-g"
"Running Make include in ps7_cortexa9_0/libsrc/gpio_v4_0/src"
make -C ps7_cortexa9_0/libsrc/gpio_v4_0/src -s include  "SHELL=CMD" "COMPILER=arm-xilinx-eabi-gcc" "ARCHIVER=arm-xilinx-eabi-ar" "COMPILER_FLAGS=  -O2 -c" "EXTRA_COMPILER_FLAGS=-g"
"Running Make include in ps7_cortexa9_0/libsrc/iicps_v3_0/src"
make -C ps7_cortexa9_0/libsrc/iicps_v3_0/src -s include  "SHELL=CMD" "COMPILER=arm-xilinx-eabi-gcc" "ARCHIVER=arm-xilinx-eabi-ar" "COMPILER_FLAGS=  -O2 -c" "EXTRA_COMPILER_FLAGS=-g"
"Running Make include in ps7_cortexa9_0/libsrc/qspips_v3_2/src"
make -C ps7_cortexa9_0/libsrc/qspips_v3_2/src -s include  "SHELL=CMD" "COMPILER=arm-xilinx-eabi-gcc" "ARCHIVER=arm-xilinx-eabi-ar" "COMPILER_FLAGS=  -O2 -c" "EXTRA_COMPILER_FLAGS=-g"
"Running Make include in ps7_cortexa9_0/libsrc/scugic_v3_1/src"
make -C ps7_cortexa9_0/libsrc/scugic_v3_1/src -s include  "SHELL=CMD" "COMPILER=arm-xilinx-eabi-gcc" "ARCHIVER=arm-xilinx-eabi-ar" "COMPILER_FLAGS=  -O2 -c" "EXTRA_COMPILER_FLAGS=-g"
"Running Make include in ps7_cortexa9_0/libsrc/scutimer_v2_1/src"
make -C ps7_cortexa9_0/libsrc/scutimer_v2_1/src -s include  "SHELL=CMD" "COMPILER=arm-xilinx-eabi-gcc" "ARCHIVER=arm-xilinx-eabi-ar" "COMPILER_FLAGS=  -O2 -c" "EXTRA_COMPILER_FLAGS=-g"
"Running Make include in ps7_cortexa9_0/libsrc/scuwdt_v2_1/src"
make -C ps7_cortexa9_0/libsrc/scuwdt_v2_1/src -s include  "SHELL=CMD" "COMPILER=arm-xilinx-eabi-gcc" "ARCHIVER=arm-xilinx-eabi-ar" "COMPILER_FLAGS=  -O2 -c" "EXTRA_COMPILER_FLAGS=-g"
"Running Make include in ps7_cortexa9_0/libsrc/sdps_v2_6/src"
make -C ps7_cortexa9_0/libsrc/sdps_v2_6/src -s include  "SHELL=CMD" "COMPILER=arm-xilinx-eabi-gcc" "ARCHIVER=arm-xilinx-eabi-ar" "COMPILER_FLAGS=  -O2 -c" "EXTRA_COMPILER_FLAGS=-g"
"Running Make include in ps7_cortexa9_0/libsrc/standalone_v5_3/src"
make -C ps7_cortexa9_0/libsrc/standalone_v5_3/src -s include  "SHELL=CMD" "COMPILER=arm-xilinx-eabi-gcc" "ARCHIVER=arm-xilinx-eabi-ar" "COMPILER_FLAGS=  -O2 -c" "EXTRA_COMPILER_FLAGS=-g"
"Running Make include in ps7_cortexa9_0/libsrc/uartps_v3_1/src"
make -C ps7_cortexa9_0/libsrc/uartps_v3_1/src -s include  "SHELL=CMD" "COMPILER=arm-xilinx-eabi-gcc" "ARCHIVER=arm-xilinx-eabi-ar" "COMPILER_FLAGS=  -O2 -c" "EXTRA_COMPILER_FLAGS=-g"
"Running Make include in ps7_cortexa9_0/libsrc/usbps_v2_2/src"
make -C ps7_cortexa9_0/libsrc/usbps_v2_2/src -s include  "SHELL=CMD" "COMPILER=arm-xilinx-eabi-gcc" "ARCHIVER=arm-xilinx-eabi-ar" "COMPILER_FLAGS=  -O2 -c" "EXTRA_COMPILER_FLAGS=-g"
"Running Make include in ps7_cortexa9_0/libsrc/vtc_v7_1/src"
make -C ps7_cortexa9_0/libsrc/vtc_v7_1/src -s include  "SHELL=CMD" "COMPILER=arm-xilinx-eabi-gcc" "ARCHIVER=arm-xilinx-eabi-ar" "COMPILER_FLAGS=  -O2 -c" "EXTRA_COMPILER_FLAGS=-g"
"Running Make include in ps7_cortexa9_0/libsrc/xadcps_v2_2/src"
make -C ps7_cortexa9_0/libsrc/xadcps_v2_2/src -s include  "SHELL=CMD" "COMPILER=arm-xilinx-eabi-gcc" "ARCHIVER=arm-xilinx-eabi-ar" "COMPILER_FLAGS=  -O2 -c" "EXTRA_COMPILER_FLAGS=-g"
"Running Make include in ps7_cortexa9_0/libsrc/xilffs_v3_1/src"
make -C ps7_cortexa9_0/libsrc/xilffs_v3_1/src -s include  "SHELL=CMD" "COMPILER=arm-xilinx-eabi-gcc" "ARCHIVER=arm-xilinx-eabi-ar" "COMPILER_FLAGS=  -O2 -c" "EXTRA_COMPILER_FLAGS=-g"
"Running Make include in ps7_cortexa9_0/libsrc/xilrsa_v1_1/src"
make -C ps7_cortexa9_0/libsrc/xilrsa_v1_1/src -s include  "SHELL=CMD" "COMPILER=arm-xilinx-eabi-gcc" "ARCHIVER=arm-xilinx-eabi-ar" "COMPILER_FLAGS=  -O2 -c" "EXTRA_COMPILER_FLAGS=-g"
"Running Make libs in ps7_cortexa9_0/libsrc/axivdma_v6_0/src"
make -C ps7_cortexa9_0/libsrc/axivdma_v6_0/src -s libs  "SHELL=CMD" "COMPILER=arm-xilinx-eabi-gcc" "ARCHIVER=arm-xilinx-eabi-ar" "COMPILER_FLAGS=  -O2 -c" "EXTRA_COMPILER_FLAGS=-g"
"Compiling axivdma"
process_begin: CreateProcess(NULL, arm-xilinx-eabi-gcc -O2 -c -g -I../../../include *.c, ...) failed.
make (e=2): Не удается найти указанный файл.

make[1]: *** [Makefile:19: libs] Error 2
make: *** [Makefile:28: ps7_cortexa9_0/libsrc/axivdma_v6_0/src/make.libs] Error 2
"Running Make libs in ps7_cortexa9_0/libsrc/coresightps_dcc_v1_2/src"
make -C ps7_cortexa9_0/libsrc/coresightps_dcc_v1_2/src -s libs  "SHELL=CMD" "COMPILER=arm-xilinx-eabi-gcc" "ARCHIVER=arm-xilinx-eabi-ar" "COMPILER_FLAGS=  -O2 -c" "EXTRA_COMPILER_FLAGS=-g"
"Compiling coresightps_dcc"
process_begin: CreateProcess(NULL, arm-xilinx-eabi-gcc -O2 -c -g -I./. -I../../../include -o xcoresightpsdcc.o xcoresightpsdcc.c, ...) failed.
make (e=2): Не удается найти указанный файл.

make[1]: *** [Makefile:25: xcoresightpsdcc.o] Error 2
make[1]: Target 'libs' not remade because of errors.
make: *** [Makefile:28: ps7_cortexa9_0/libsrc/coresightps_dcc_v1_2/src/make.libs] Error 2
"Running Make libs in ps7_cortexa9_0/libsrc/cpu_cortexa9_v2_1/src"
make -C ps7_cortexa9_0/libsrc/cpu_cortexa9_v2_1/src -s libs  "SHELL=CMD" "COMPILER=arm-xilinx-eabi-gcc" "ARCHIVER=arm-xilinx-eabi-ar" "COMPILER_FLAGS=  -O2 -c" "EXTRA_COMPILER_FLAGS=-g"
"Compiling cpu_cortexa9"
"Running Make libs in ps7_cortexa9_0/libsrc/ddrps_v1_0/src"
make -C ps7_cortexa9_0/libsrc/ddrps_v1_0/src -s libs  "SHELL=CMD" "COMPILER=arm-xilinx-eabi-gcc" "ARCHIVER=arm-xilinx-eabi-ar" "COMPILER_FLAGS=  -O2 -c" "EXTRA_COMPILER_FLAGS=-g"
"Compiling ddrps"
process_begin: CreateProcess(NULL, arm-xilinx-eabi-ar -r ../../../lib/libxil.a, ...) failed.
make (e=2): Не удается найти указанный файл.

make[1]: *** [Makefile:31: xddrps_libs] Error 2
make[1]: Target 'libs' not remade because of errors.
make: *** [Makefile:28: ps7_cortexa9_0/libsrc/ddrps_v1_0/src/make.libs] Error 2
"Running Make libs in ps7_cortexa9_0/libsrc/devcfg_v3_3/src"
make -C ps7_cortexa9_0/libsrc/devcfg_v3_3/src -s libs  "SHELL=CMD" "COMPILER=arm-xilinx-eabi-gcc" "ARCHIVER=arm-xilinx-eabi-ar" "COMPILER_FLAGS=  -O2 -c" "EXTRA_COMPILER_FLAGS=-g"
"Compiling devcfg"
process_begin: CreateProcess(NULL, arm-xilinx-eabi-gcc -O2 -c -g -I./. -I../../../include -o xdevcfg.o xdevcfg.c, ...) failed.
make (e=2): Не удается найти указанный файл.

make[1]: *** [Makefile:25: xdevcfg.o] Error 2
process_begin: CreateProcess(NULL, arm-xilinx-eabi-gcc -O2 -c -g -I./. -I../../../include -o xdevcfg_sinit.o xdevcfg_sinit.c, ...) failed.
make (e=2): Не удается найти указанный файл.

make[1]: *** [Makefile:25: xdevcfg_sinit.o] Error 2
process_begin: CreateProcess(NULL, arm-xilinx-eabi-gcc -O2 -c -g -I./. -I../../../include -o xdevcfg_selftest.o xdevcfg_selftest.c, ...) failed.
make (e=2): Не удается найти указанный файл.

make[1]: *** [Makefile:25: xdevcfg_selftest.o] Error 2
process_begin: CreateProcess(NULL, arm-xilinx-eabi-gcc -O2 -c -g -I./. -I../../../include -o xdevcfg_hw.o xdevcfg_hw.c, ...) failed.
make (e=2): Не удается найти указанный файл.

make[1]: *** [Makefile:25: xdevcfg_hw.o] Error 2
process_begin: CreateProcess(NULL, arm-xilinx-eabi-gcc -O2 -c -g -I./. -I../../../include -o xdevcfg_intr.o xdevcfg_intr.c, ...) failed.
make (e=2): Не удается найти указанный файл.

make[1]: *** [Makefile:25: xdevcfg_intr.o] Error 2
process_begin: CreateProcess(NULL, arm-xilinx-eabi-gcc -O2 -c -g -I./. -I../../../include -o xdevcfg_g.o xdevcfg_g.c, ...) failed.
make (e=2): Не удается найти указанный файл.

make[1]: *** [Makefile:25: xdevcfg_g.o] Error 2
make[1]: Target 'libs' not remade because of errors.
make: *** [Makefile:28: ps7_cortexa9_0/libsrc/devcfg_v3_3/src/make.libs] Error 2
"Running Make libs in ps7_cortexa9_0/libsrc/dmaps_v2_1/src"
make -C ps7_cortexa9_0/libsrc/dmaps_v2_1/src -s libs  "SHELL=CMD" "COMPILER=arm-xilinx-eabi-gcc" "ARCHIVER=arm-xilinx-eabi-ar" "COMPILER_FLAGS=  -O2 -c" "EXTRA_COMPILER_FLAGS=-g"
"Compiling dmaps"
process_begin: CreateProcess(NULL, arm-xilinx-eabi-gcc -O2 -c -g -I./. -I../../../include -o xdmaps.o xdmaps.c, ...) failed.
make (e=2): Не удается найти указанный файл.

make[1]: *** [Makefile:25: xdmaps.o] Error 2
process_begin: CreateProcess(NULL, arm-xilinx-eabi-gcc -O2 -c -g -I./. -I../../../include -o xdmaps_sinit.o xdmaps_sinit.c, ...) failed.
make (e=2): Не удается найти указанный файл.

make[1]: *** [Makefile:25: xdmaps_sinit.o] Error 2
process_begin: CreateProcess(NULL, arm-xilinx-eabi-gcc -O2 -c -g -I./. -I../../../include -o xdmaps_selftest.o xdmaps_selftest.c, ...) failed.
make (e=2): Не удается найти указанный файл.

make[1]: *** [Makefile:25: xdmaps_selftest.o] Error 2
process_begin: CreateProcess(NULL, arm-xilinx-eabi-gcc -O2 -c -g -I./. -I../../../include -o xdmaps_g.o xdmaps_g.c, ...) failed.
make (e=2): Не удается найти указанный файл.

make[1]: *** [Makefile:25: xdmaps_g.o] Error 2
process_begin: CreateProcess(NULL, arm-xilinx-eabi-gcc -O2 -c -g -I./. -I../../../include -o xdmaps_hw.o xdmaps_hw.c, ...) failed.
make (e=2): Не удается найти указанный файл.

make[1]: *** [Makefile:25: xdmaps_hw.o] Error 2
make[1]: Target 'libs' not remade because of errors.
make: *** [Makefile:28: ps7_cortexa9_0/libsrc/dmaps_v2_1/src/make.libs] Error 2
"Running Make libs in ps7_cortexa9_0/libsrc/emacps_v3_1/src"
make -C ps7_cortexa9_0/libsrc/emacps_v3_1/src -s libs  "SHELL=CMD" "COMPILER=arm-xilinx-eabi-gcc" "ARCHIVER=arm-xilinx-eabi-ar" "COMPILER_FLAGS=  -O2 -c" "EXTRA_COMPILER_FLAGS=-g"
"Compiling emacps"
process_begin: CreateProcess(NULL, arm-xilinx-eabi-gcc -O2 -c -g -I./. -I../../../include -o xemacps_g.o xemacps_g.c, ...) failed.
make (e=2): Не удается найти указанный файл.

make[1]: *** [Makefile:25: xemacps_g.o] Error 2
process_begin: CreateProcess(NULL, arm-xilinx-eabi-gcc -O2 -c -g -I./. -I../../../include -o xemacps.o xemacps.c, ...) failed.
make (e=2): Не удается найти указанный файл.

make[1]: *** [Makefile:25: xemacps.o] Error 2
process_begin: CreateProcess(NULL, arm-xilinx-eabi-gcc -O2 -c -g -I./. -I../../../include -o xemacps_sinit.o xemacps_sinit.c, ...) failed.
make (e=2): Не удается найти указанный файл.

make[1]: *** [Makefile:25: xemacps_sinit.o] Error 2
process_begin: CreateProcess(NULL, arm-xilinx-eabi-gcc -O2 -c -g -I./. -I../../../include -o xemacps_intr.o xemacps_intr.c, ...) failed.
make (e=2): Не удается найти указанный файл.

make[1]: *** [Makefile:25: xemacps_intr.o] Error 2
process_begin: CreateProcess(NULL, arm-xilinx-eabi-gcc -O2 -c -g -I./. -I../../../include -o xemacps_control.o xemacps_control.c, ...) failed.
make (e=2): Не удается найти указанный файл.

make[1]: *** [Makefile:25: xemacps_control.o] Error 2
process_begin: CreateProcess(NULL, arm-xilinx-eabi-gcc -O2 -c -g -I./. -I../../../include -o xemacps_bdring.o xemacps_bdring.c, ...) failed.
make (e=2): Не удается найти указанный файл.

make[1]: *** [Makefile:25: xemacps_bdring.o] Error 2
process_begin: CreateProcess(NULL, arm-xilinx-eabi-gcc -O2 -c -g -I./. -I../../../include -o xemacps_hw.o xemacps_hw.c, ...) failed.
make (e=2): Не удается найти указанный файл.

make[1]: *** [Makefile:25: xemacps_hw.o] Error 2
make[1]: Target 'libs' not remade because of errors.
make: *** [Makefile:28: ps7_cortexa9_0/libsrc/emacps_v3_1/src/make.libs] Error 2
"Running Make libs in ps7_cortexa9_0/libsrc/gpiops_v3_1/src"
make -C ps7_cortexa9_0/libsrc/gpiops_v3_1/src -s libs  "SHELL=CMD" "COMPILER=arm-xilinx-eabi-gcc" "ARCHIVER=arm-xilinx-eabi-ar" "COMPILER_FLAGS=  -O2 -c" "EXTRA_COMPILER_FLAGS=-g"
"Compiling gpiops"
process_begin: CreateProcess(NULL, arm-xilinx-eabi-gcc -O2 -c -g -I./. -I../../../include -o xgpiops.o xgpiops.c, ...) failed.
make (e=2): Не удается найти указанный файл.

make[1]: *** [Makefile:25: xgpiops.o] Error 2
process_begin: CreateProcess(NULL, arm-xilinx-eabi-gcc -O2 -c -g -I./. -I../../../include -o xgpiops_sinit.o xgpiops_sinit.c, ...) failed.
make (e=2): Не удается найти указанный файл.

make[1]: *** [Makefile:25: xgpiops_sinit.o] Error 2
process_begin: CreateProcess(NULL, arm-xilinx-eabi-gcc -O2 -c -g -I./. -I../../../include -o xgpiops_selftest.o xgpiops_selftest.c, ...) failed.
make (e=2): Не удается найти указанный файл.

make[1]: *** [Makefile:25: xgpiops_selftest.o] Error 2
process_begin: CreateProcess(NULL, arm-xilinx-eabi-gcc -O2 -c -g -I./. -I../../../include -o xgpiops_hw.o xgpiops_hw.c, ...) failed.
make (e=2): Не удается найти указанный файл.

make[1]: *** [Makefile:25: xgpiops_hw.o] Error 2
process_begin: CreateProcess(NULL, arm-xilinx-eabi-gcc -O2 -c -g -I./. -I../../../include -o xgpiops_intr.o xgpiops_intr.c, ...) failed.
make (e=2): Не удается найти указанный файл.

make[1]: *** [Makefile:25: xgpiops_intr.o] Error 2
process_begin: CreateProcess(NULL, arm-xilinx-eabi-gcc -O2 -c -g -I./. -I../../../include -o xgpiops_g.o xgpiops_g.c, ...) failed.
make (e=2): Не удается найти указанный файл.

make[1]: *** [Makefile:25: xgpiops_g.o] Error 2
make[1]: Target 'libs' not remade because of errors.
make: *** [Makefile:28: ps7_cortexa9_0/libsrc/gpiops_v3_1/src/make.libs] Error 2
"Running Make libs in ps7_cortexa9_0/libsrc/gpio_v4_0/src"
make -C ps7_cortexa9_0/libsrc/gpio_v4_0/src -s libs  "SHELL=CMD" "COMPILER=arm-xilinx-eabi-gcc" "ARCHIVER=arm-xilinx-eabi-ar" "COMPILER_FLAGS=  -O2 -c" "EXTRA_COMPILER_FLAGS=-g"
"Compiling gpio"
process_begin: CreateProcess(NULL, arm-xilinx-eabi-gcc -O2 -c -g -I./. -I../../../include *.c, ...) failed.
make (e=2): Не удается найти указанный файл.

make[1]: *** [Makefile:20: libs] Error 2
make: *** [Makefile:28: ps7_cortexa9_0/libsrc/gpio_v4_0/src/make.libs] Error 2
"Running Make libs in ps7_cortexa9_0/libsrc/iicps_v3_0/src"
make -C ps7_cortexa9_0/libsrc/iicps_v3_0/src -s libs  "SHELL=CMD" "COMPILER=arm-xilinx-eabi-gcc" "ARCHIVER=arm-xilinx-eabi-ar" "COMPILER_FLAGS=  -O2 -c" "EXTRA_COMPILER_FLAGS=-g"
"Compiling iicps"
process_begin: CreateProcess(NULL, arm-xilinx-eabi-gcc -O2 -c -g -I./. -I../../../include -o xiicps_sinit.o xiicps_sinit.c, ...) failed.
make (e=2): Не удается найти указанный файл.

make[1]: *** [Makefile:25: xiicps_sinit.o] Error 2
process_begin: CreateProcess(NULL, arm-xilinx-eabi-gcc -O2 -c -g -I./. -I../../../include -o xiicps_selftest.o xiicps_selftest.c, ...) failed.
make (e=2): Не удается найти указанный файл.

make[1]: *** [Makefile:25: xiicps_selftest.o] Error 2
process_begin: CreateProcess(NULL, arm-xilinx-eabi-gcc -O2 -c -g -I./. -I../../../include -o xiicps_intr.o xiicps_intr.c, ...) failed.
make (e=2): Не удается найти указанный файл.

make[1]: *** [Makefile:25: xiicps_intr.o] Error 2
process_begin: CreateProcess(NULL, arm-xilinx-eabi-gcc -O2 -c -g -I./. -I../../../include -o xiicps_master.o xiicps_master.c, ...) failed.
make (e=2): Не удается найти указанный файл.

make[1]: *** [Makefile:25: xiicps_master.o] Error 2
process_begin: CreateProcess(NULL, arm-xilinx-eabi-gcc -O2 -c -g -I./. -I../../../include -o xiicps_hw.o xiicps_hw.c, ...) failed.
make (e=2): Не удается найти указанный файл.

make[1]: *** [Makefile:25: xiicps_hw.o] Error 2
process_begin: CreateProcess(NULL, arm-xilinx-eabi-gcc -O2 -c -g -I./. -I../../../include -o xiicps_slave.o xiicps_slave.c, ...) failed.
make (e=2): Не удается найти указанный файл.

make[1]: *** [Makefile:25: xiicps_slave.o] Error 2
process_begin: CreateProcess(NULL, arm-xilinx-eabi-gcc -O2 -c -g -I./. -I../../../include -o xiicps_options.o xiicps_options.c, ...) failed.
make (e=2): Не удается найти указанный файл.

make[1]: *** [Makefile:25: xiicps_options.o] Error 2
process_begin: CreateProcess(NULL, arm-xilinx-eabi-gcc -O2 -c -g -I./. -I../../../include -o xiicps.o xiicps.c, ...) failed.
make (e=2): Не удается найти указанный файл.

make[1]: *** [Makefile:25: xiicps.o] Error 2
process_begin: CreateProcess(NULL, arm-xilinx-eabi-gcc -O2 -c -g -I./. -I../../../include -o xiicps_g.o xiicps_g.c, ...) failed.
make (e=2): Не удается найти указанный файл.

make[1]: *** [Makefile:25: xiicps_g.o] Error 2
make[1]: Target 'libs' not remade because of errors.
make: *** [Makefile:28: ps7_cortexa9_0/libsrc/iicps_v3_0/src/make.libs] Error 2
"Running Make libs in ps7_cortexa9_0/libsrc/qspips_v3_2/src"
make -C ps7_cortexa9_0/libsrc/qspips_v3_2/src -s libs  "SHELL=CMD" "COMPILER=arm-xilinx-eabi-gcc" "ARCHIVER=arm-xilinx-eabi-ar" "COMPILER_FLAGS=  -O2 -c" "EXTRA_COMPILER_FLAGS=-g"
"Compiling qspips"
process_begin: CreateProcess(NULL, arm-xilinx-eabi-gcc -O2 -c -g -I./. -I../../../include -o xqspips_options.o xqspips_options.c, ...) failed.
make (e=2): Не удается найти указанный файл.

make[1]: *** [Makefile:25: xqspips_options.o] Error 2
process_begin: CreateProcess(NULL, arm-xilinx-eabi-gcc -O2 -c -g -I./. -I../../../include -o xqspips.o xqspips.c, ...) failed.
make (e=2): Не удается найти указанный файл.

make[1]: *** [Makefile:25: xqspips.o] Error 2
process_begin: CreateProcess(NULL, arm-xilinx-eabi-gcc -O2 -c -g -I./. -I../../../include -o xqspips_sinit.o xqspips_sinit.c, ...) failed.
make (e=2): Не удается найти указанный файл.

make[1]: *** [Makefile:25: xqspips_sinit.o] Error 2
process_begin: CreateProcess(NULL, arm-xilinx-eabi-gcc -O2 -c -g -I./. -I../../../include -o xqspips_selftest.o xqspips_selftest.c, ...) failed.
make (e=2): Не удается найти указанный файл.

make[1]: *** [Makefile:25: xqspips_selftest.o] Error 2
process_begin: CreateProcess(NULL, arm-xilinx-eabi-gcc -O2 -c -g -I./. -I../../../include -o xqspips_hw.o xqspips_hw.c, ...) failed.
make (e=2): Не удается найти указанный файл.

make[1]: *** [Makefile:25: xqspips_hw.o] Error 2
process_begin: CreateProcess(NULL, arm-xilinx-eabi-gcc -O2 -c -g -I./. -I../../../include -o xqspips_g.o xqspips_g.c, ...) failed.
make (e=2): Не удается найти указанный файл.

make[1]: *** [Makefile:25: xqspips_g.o] Error 2
make[1]: Target 'libs' not remade because of errors.
make: *** [Makefile:28: ps7_cortexa9_0/libsrc/qspips_v3_2/src/make.libs] Error 2
"Running Make libs in ps7_cortexa9_0/libsrc/scugic_v3_1/src"
make -C ps7_cortexa9_0/libsrc/scugic_v3_1/src -s libs  "SHELL=CMD" "COMPILER=arm-xilinx-eabi-gcc" "ARCHIVER=arm-xilinx-eabi-ar" "COMPILER_FLAGS=  -O2 -c" "EXTRA_COMPILER_FLAGS=-g"
"Compiling scugic"
process_begin: CreateProcess(NULL, arm-xilinx-eabi-gcc -O2 -c -g -I./. -I../../../include -o xscugic_intr.o xscugic_intr.c, ...) failed.
make (e=2): Не удается найти указанный файл.

make[1]: *** [Makefile:25: xscugic_intr.o] Error 2
process_begin: CreateProcess(NULL, arm-xilinx-eabi-gcc -O2 -c -g -I./. -I../../../include -o xscugic_hw.o xscugic_hw.c, ...) failed.
make (e=2): Не удается найти указанный файл.

make[1]: *** [Makefile:25: xscugic_hw.o] Error 2
process_begin: CreateProcess(NULL, arm-xilinx-eabi-gcc -O2 -c -g -I./. -I../../../include -o xscugic_g.o xscugic_g.c, ...) failed.
make (e=2): Не удается найти указанный файл.

make[1]: *** [Makefile:25: xscugic_g.o] Error 2
process_begin: CreateProcess(NULL, arm-xilinx-eabi-gcc -O2 -c -g -I./. -I../../../include -o xscugic.o xscugic.c, ...) failed.
make (e=2): Не удается найти указанный файл.

make[1]: *** [Makefile:25: xscugic.o] Error 2
process_begin: CreateProcess(NULL, arm-xilinx-eabi-gcc -O2 -c -g -I./. -I../../../include -o xscugic_sinit.o xscugic_sinit.c, ...) failed.
make (e=2): Не удается найти указанный файл.

make[1]: *** [Makefile:25: xscugic_sinit.o] Error 2
process_begin: CreateProcess(NULL, arm-xilinx-eabi-gcc -O2 -c -g -I./. -I../../../include -o xscugic_selftest.o xscugic_selftest.c, ...) failed.
make (e=2): Не удается найти указанный файл.

make[1]: *** [Makefile:25: xscugic_selftest.o] Error 2
make[1]: Target 'libs' not remade because of errors.
make: *** [Makefile:28: ps7_cortexa9_0/libsrc/scugic_v3_1/src/make.libs] Error 2
"Running Make libs in ps7_cortexa9_0/libsrc/scutimer_v2_1/src"
make -C ps7_cortexa9_0/libsrc/scutimer_v2_1/src -s libs  "SHELL=CMD" "COMPILER=arm-xilinx-eabi-gcc" "ARCHIVER=arm-xilinx-eabi-ar" "COMPILER_FLAGS=  -O2 -c" "EXTRA_COMPILER_FLAGS=-g"
"Compiling scutimer"
process_begin: CreateProcess(NULL, arm-xilinx-eabi-gcc -O2 -c -g -I./. -I../../../include -o xscutimer.o xscutimer.c, ...) failed.
make (e=2): Не удается найти указанный файл.

make[1]: *** [Makefile:25: xscutimer.o] Error 2
process_begin: CreateProcess(NULL, arm-xilinx-eabi-gcc -O2 -c -g -I./. -I../../../include -o xscutimer_selftest.o xscutimer_selftest.c, ...) failed.
make (e=2): Не удается найти указанный файл.

make[1]: *** [Makefile:25: xscutimer_selftest.o] Error 2
process_begin: CreateProcess(NULL, arm-xilinx-eabi-gcc -O2 -c -g -I./. -I../../../include -o xscutimer_sinit.o xscutimer_sinit.c, ...) failed.
make (e=2): Не удается найти указанный файл.

make[1]: *** [Makefile:25: xscutimer_sinit.o] Error 2
process_begin: CreateProcess(NULL, arm-xilinx-eabi-gcc -O2 -c -g -I./. -I../../../include -o xscutimer_g.o xscutimer_g.c, ...) failed.
make (e=2): Не удается найти указанный файл.

make[1]: *** [Makefile:25: xscutimer_g.o] Error 2
make[1]: Target 'libs' not remade because of errors.
make: *** [Makefile:28: ps7_cortexa9_0/libsrc/scutimer_v2_1/src/make.libs] Error 2
"Running Make libs in ps7_cortexa9_0/libsrc/scuwdt_v2_1/src"
make -C ps7_cortexa9_0/libsrc/scuwdt_v2_1/src -s libs  "SHELL=CMD" "COMPILER=arm-xilinx-eabi-gcc" "ARCHIVER=arm-xilinx-eabi-ar" "COMPILER_FLAGS=  -O2 -c" "EXTRA_COMPILER_FLAGS=-g"
"Compiling scuwdt"
process_begin: CreateProcess(NULL, arm-xilinx-eabi-gcc -O2 -c -g -I./. -I../../../include -o xscuwdt_g.o xscuwdt_g.c, ...) failed.
make (e=2): Не удается найти указанный файл.

make[1]: *** [Makefile:25: xscuwdt_g.o] Error 2
process_begin: CreateProcess(NULL, arm-xilinx-eabi-gcc -O2 -c -g -I./. -I../../../include -o xscuwdt.o xscuwdt.c, ...) failed.
make (e=2): Не удается найти указанный файл.

make[1]: *** [Makefile:25: xscuwdt.o] Error 2
process_begin: CreateProcess(NULL, arm-xilinx-eabi-gcc -O2 -c -g -I./. -I../../../include -o xscuwdt_sinit.o xscuwdt_sinit.c, ...) failed.
make (e=2): Не удается найти указанный файл.

make[1]: *** [Makefile:25: xscuwdt_sinit.o] Error 2
process_begin: CreateProcess(NULL, arm-xilinx-eabi-gcc -O2 -c -g -I./. -I../../../include -o xscuwdt_selftest.o xscuwdt_selftest.c, ...) failed.
make (e=2): Не удается найти указанный файл.

make[1]: *** [Makefile:25: xscuwdt_selftest.o] Error 2
make[1]: Target 'libs' not remade because of errors.
make: *** [Makefile:28: ps7_cortexa9_0/libsrc/scuwdt_v2_1/src/make.libs] Error 2
"Running Make libs in ps7_cortexa9_0/libsrc/sdps_v2_6/src"
make -C ps7_cortexa9_0/libsrc/sdps_v2_6/src -s libs  "SHELL=CMD" "COMPILER=arm-xilinx-eabi-gcc" "ARCHIVER=arm-xilinx-eabi-ar" "COMPILER_FLAGS=  -O2 -c" "EXTRA_COMPILER_FLAGS=-g"
"Compiling sdps"
process_begin: CreateProcess(NULL, arm-xilinx-eabi-gcc -O2 -c -g -I./. -I../../../include -o xsdps_options.o xsdps_options.c, ...) failed.
make (e=2): Не удается найти указанный файл.

make[1]: *** [Makefile:25: xsdps_options.o] Error 2
process_begin: CreateProcess(NULL, arm-xilinx-eabi-gcc -O2 -c -g -I./. -I../../../include -o xsdps_g.o xsdps_g.c, ...) failed.
make (e=2): Не удается найти указанный файл.

make[1]: *** [Makefile:25: xsdps_g.o] Error 2
process_begin: CreateProcess(NULL, arm-xilinx-eabi-gcc -O2 -c -g -I./. -I../../../include -o xsdps.o xsdps.c, ...) failed.
make (e=2): Не удается найти указанный файл.

make[1]: *** [Makefile:25: xsdps.o] Error 2
process_begin: CreateProcess(NULL, arm-xilinx-eabi-gcc -O2 -c -g -I./. -I../../../include -o xsdps_sinit.o xsdps_sinit.c, ...) failed.
make (e=2): Не удается найти указанный файл.

make[1]: *** [Makefile:25: xsdps_sinit.o] Error 2
make[1]: Target 'libs' not remade because of errors.
make: *** [Makefile:28: ps7_cortexa9_0/libsrc/sdps_v2_6/src/make.libs] Error 2
"Running Make libs in ps7_cortexa9_0/libsrc/standalone_v5_3/src"
make -C ps7_cortexa9_0/libsrc/standalone_v5_3/src -s libs  "SHELL=CMD" "COMPILER=arm-xilinx-eabi-gcc" "ARCHIVER=arm-xilinx-eabi-ar" "COMPILER_FLAGS=  -O2 -c" "EXTRA_COMPILER_FLAGS=-g"
"Compiling standalone"
process_begin: CreateProcess(NULL, arm-xilinx-eabi-gcc -O2 -c -g -I./. -I../../../include usleep.c getpid.c xil_testcache.c print.c errno.c unlink.c xpm_counter.c sbrk.c fstat.c abort.c vectors.c xil_testmem.c open.c _exit.c xil_assert.c _open.c lseek.c isatty.c sleep.c xplatform_info.c xil_mmu.c inbyte.c _sbrk.c xil_misc_psreset_api.c xil_cache.c close.c write.c kill.c fcntl.c outbyte.c xil_printf.c xil_io.c read.c xil_testio.c putnum.c xtime_l.c xl2cc_counter.c xil_exception.c xil-crt0.S asm_vectors.S cpu_init.S boot.S translation_table.S, ...) failed.
make (e=2): Не удается найти указанный файл.

make[1]: *** [Makefile:67: standalone_libs] Error 2
make[1]: Target 'libs' not remade because of errors.
make: *** [Makefile:28: ps7_cortexa9_0/libsrc/standalone_v5_3/src/make.libs] Error 2
"Running Make libs in ps7_cortexa9_0/libsrc/uartps_v3_1/src"
make -C ps7_cortexa9_0/libsrc/uartps_v3_1/src -s libs  "SHELL=CMD" "COMPILER=arm-xilinx-eabi-gcc" "ARCHIVER=arm-xilinx-eabi-ar" "COMPILER_FLAGS=  -O2 -c" "EXTRA_COMPILER_FLAGS=-g"
"Compiling uartps"
process_begin: CreateProcess(NULL, arm-xilinx-eabi-gcc -O2 -c -g -I./. -I../../../include -o xuartps_intr.o xuartps_intr.c, ...) failed.
make (e=2): Не удается найти указанный файл.

make[1]: *** [Makefile:25: xuartps_intr.o] Error 2
process_begin: CreateProcess(NULL, arm-xilinx-eabi-gcc -O2 -c -g -I./. -I../../../include -o xuartps_options.o xuartps_options.c, ...) failed.
make (e=2): Не удается найти указанный файл.

make[1]: *** [Makefile:25: xuartps_options.o] Error 2
process_begin: CreateProcess(NULL, arm-xilinx-eabi-gcc -O2 -c -g -I./. -I../../../include -o xuartps_sinit.o xuartps_sinit.c, ...) failed.
make (e=2): Не удается найти указанный файл.

make[1]: *** [Makefile:25: xuartps_sinit.o] Error 2
process_begin: CreateProcess(NULL, arm-xilinx-eabi-gcc -O2 -c -g -I./. -I../../../include -o xuartps_hw.o xuartps_hw.c, ...) failed.
make (e=2): Не удается найти указанный файл.

make[1]: *** [Makefile:25: xuartps_hw.o] Error 2
process_begin: CreateProcess(NULL, arm-xilinx-eabi-gcc -O2 -c -g -I./. -I../../../include -o xuartps.o xuartps.c, ...) failed.
make (e=2): Не удается найти указанный файл.

make[1]: *** [Makefile:25: xuartps.o] Error 2
process_begin: CreateProcess(NULL, arm-xilinx-eabi-gcc -O2 -c -g -I./. -I../../../include -o xuartps_selftest.o xuartps_selftest.c, ...) failed.
make (e=2): Не удается найти указанный файл.

make[1]: *** [Makefile:25: xuartps_selftest.o] Error 2
process_begin: CreateProcess(NULL, arm-xilinx-eabi-gcc -O2 -c -g -I./. -I../../../include -o xuartps_g.o xuartps_g.c, ...) failed.
make (e=2): Не удается найти указанный файл.

make[1]: *** [Makefile:25: xuartps_g.o] Error 2
make[1]: Target 'libs' not remade because of errors.
make: *** [Makefile:28: ps7_cortexa9_0/libsrc/uartps_v3_1/src/make.libs] Error 2
"Running Make libs in ps7_cortexa9_0/libsrc/usbps_v2_2/src"
make -C ps7_cortexa9_0/libsrc/usbps_v2_2/src -s libs  "SHELL=CMD" "COMPILER=arm-xilinx-eabi-gcc" "ARCHIVER=arm-xilinx-eabi-ar" "COMPILER_FLAGS=  -O2 -c" "EXTRA_COMPILER_FLAGS=-g"
"Compiling usbps"
process_begin: CreateProcess(NULL, arm-xilinx-eabi-gcc -O2 -c -g -I./. -I../../../include -o xusbps_g.o xusbps_g.c, ...) failed.
make (e=2): Не удается найти указанный файл.

make[1]: *** [Makefile:25: xusbps_g.o] Error 2
process_begin: CreateProcess(NULL, arm-xilinx-eabi-gcc -O2 -c -g -I./. -I../../../include -o xusbps.o xusbps.c, ...) failed.
make (e=2): Не удается найти указанный файл.

make[1]: *** [Makefile:25: xusbps.o] Error 2
process_begin: CreateProcess(NULL, arm-xilinx-eabi-gcc -O2 -c -g -I./. -I../../../include -o xusbps_endpoint.o xusbps_endpoint.c, ...) failed.
make (e=2): Не удается найти указанный файл.

make[1]: *** [Makefile:25: xusbps_endpoint.o] Error 2
process_begin: CreateProcess(NULL, arm-xilinx-eabi-gcc -O2 -c -g -I./. -I../../../include -o xusbps_sinit.o xusbps_sinit.c, ...) failed.
make (e=2): Не удается найти указанный файл.

make[1]: *** [Makefile:25: xusbps_sinit.o] Error 2
process_begin: CreateProcess(NULL, arm-xilinx-eabi-gcc -O2 -c -g -I./. -I../../../include -o xusbps_intr.o xusbps_intr.c, ...) failed.
make (e=2): Не удается найти указанный файл.

make[1]: *** [Makefile:25: xusbps_intr.o] Error 2
process_begin: CreateProcess(NULL, arm-xilinx-eabi-gcc -O2 -c -g -I./. -I../../../include -o xusbps_hw.o xusbps_hw.c, ...) failed.
make (e=2): Не удается найти указанный файл.

make[1]: *** [Makefile:25: xusbps_hw.o] Error 2
make[1]: Target 'libs' not remade because of errors.
make: *** [Makefile:28: ps7_cortexa9_0/libsrc/usbps_v2_2/src/make.libs] Error 2
"Running Make libs in ps7_cortexa9_0/libsrc/vtc_v7_1/src"
make -C ps7_cortexa9_0/libsrc/vtc_v7_1/src -s libs  "SHELL=CMD" "COMPILER=arm-xilinx-eabi-gcc" "ARCHIVER=arm-xilinx-eabi-ar" "COMPILER_FLAGS=  -O2 -c" "EXTRA_COMPILER_FLAGS=-g"
"Compiling video timing controller"
process_begin: CreateProcess(NULL, arm-xilinx-eabi-gcc -O2 -c -g -I./. -I../../../include *.c, ...) failed.
make (e=2): Не удается найти указанный файл.

make[1]: *** [Makefile:20: libs] Error 2
make: *** [Makefile:28: ps7_cortexa9_0/libsrc/vtc_v7_1/src/make.libs] Error 2
"Running Make libs in ps7_cortexa9_0/libsrc/xadcps_v2_2/src"
make -C ps7_cortexa9_0/libsrc/xadcps_v2_2/src -s libs  "SHELL=CMD" "COMPILER=arm-xilinx-eabi-gcc" "ARCHIVER=arm-xilinx-eabi-ar" "COMPILER_FLAGS=  -O2 -c" "EXTRA_COMPILER_FLAGS=-g"
"Compiling xadcps"
process_begin: CreateProcess(NULL, arm-xilinx-eabi-gcc -O2 -c -g -I./. -I../../../include -o xadcps_intr.o xadcps_intr.c, ...) failed.
make (e=2): Не удается найти указанный файл.

make[1]: *** [Makefile:25: xadcps_intr.o] Error 2
process_begin: CreateProcess(NULL, arm-xilinx-eabi-gcc -O2 -c -g -I./. -I../../../include -o xadcps.o xadcps.c, ...) failed.
make (e=2): Не удается найти указанный файл.

make[1]: *** [Makefile:25: xadcps.o] Error 2
process_begin: CreateProcess(NULL, arm-xilinx-eabi-gcc -O2 -c -g -I./. -I../../../include -o xadcps_sinit.o xadcps_sinit.c, ...) failed.
make (e=2): Не удается найти указанный файл.

make[1]: *** [Makefile:25: xadcps_sinit.o] Error 2
process_begin: CreateProcess(NULL, arm-xilinx-eabi-gcc -O2 -c -g -I./. -I../../../include -o xadcps_selftest.o xadcps_selftest.c, ...) failed.
make (e=2): Не удается найти указанный файл.

make[1]: *** [Makefile:25: xadcps_selftest.o] Error 2
process_begin: CreateProcess(NULL, arm-xilinx-eabi-gcc -O2 -c -g -I./. -I../../../include -o xadcps_g.o xadcps_g.c, ...) failed.
make (e=2): Не удается найти указанный файл.

make[1]: *** [Makefile:25: xadcps_g.o] Error 2
make[1]: Target 'libs' not remade because of errors.
make: *** [Makefile:28: ps7_cortexa9_0/libsrc/xadcps_v2_2/src/make.libs] Error 2
"Running Make libs in ps7_cortexa9_0/libsrc/xilffs_v3_1/src"
make -C ps7_cortexa9_0/libsrc/xilffs_v3_1/src -s libs  "SHELL=CMD" "COMPILER=arm-xilinx-eabi-gcc" "ARCHIVER=arm-xilinx-eabi-ar" "COMPILER_FLAGS=  -O2 -c" "EXTRA_COMPILER_FLAGS=-g"
"Compiling XilFFs Library"
process_begin: CreateProcess(NULL, arm-xilinx-eabi-ar rc ../../../lib/libxilffs.a ./diskio.o ./ff.o, ...) failed.
make (e=2): Не удается найти указанный файл.

make[1]: *** [Makefile:67: libxilffs.a] Error 2
make[1]: Target 'libs' not remade because of errors.
make: *** [Makefile:28: ps7_cortexa9_0/libsrc/xilffs_v3_1/src/make.libs] Error 2
"Running Make libs in ps7_cortexa9_0/libsrc/xilrsa_v1_1/src"
make -C ps7_cortexa9_0/libsrc/xilrsa_v1_1/src -s libs  "SHELL=CMD" "COMPILER=arm-xilinx-eabi-gcc" "ARCHIVER=arm-xilinx-eabi-ar" "COMPILER_FLAGS=  -O2 -c" "EXTRA_COMPILER_FLAGS=-g"
make: Target 'all' not remade because of errors.

19:52:39 Build Finished (took 12s.373ms)

