11:52:26 INFO  : Registering command handlers for SDK TCF services
11:52:27 INFO  : Launching XSCT server: xsct.bat -interactive D:\Zynq\Ant_HDMI_AudioPWM\Ant_HDMI_AudioPWM.sdk\temp_xsdb_launch_script.tcl
11:52:31 INFO  : XSCT server has started successfully.
11:52:35 INFO  : Successfully done setting XSCT server connection channel  
11:52:35 INFO  : Successfully done setting SDK workspace  
11:52:35 INFO  : Processing command line option -hwspec D:/Zynq/Ant_HDMI_AudioPWM/Ant_HDMI_AudioPWM.sdk/zsys_wrapper.hdf.
11:54:13 INFO  : Saving repository preferences.
11:54:13 INFO  : Reading in cores from global repositories: 
		 D:\Zynq\device-tree-xlnx
11:54:14 INFO  : Cleaning BSP projects in the workspace.
11:55:44 ERROR : Failed to closesw "D:/Zynq/Ant_HDMI_AudioPWM/Ant_HDMI_AudioPWM.sdk/FSBL_bsp/system.mss"
Reason: Cannot close sw design 'D:/Zynq/Ant_HDMI_AudioPWM/Ant_HDMI_AudioPWM.sdk/FSBL_bsp/system.mss'.
Design is not opened in the current session.


13:39:55 INFO  : Refreshed build settings on project FSBL
14:11:41 INFO  : Example project FSBL_bsp_xemacps_example_intr_dma_1 has been created successfully.
14:11:42 INFO  : Example project FSBL_bsp_xemacps_ieee1588_example_1 has been created successfully.
14:12:21 INFO  : 'targets -set -filter {jtag_cable_name =~ "Platform Cable USB II 13724327082d01" && level==0} -index 1' command is executed.
14:12:21 INFO  : 'fpga -state' command is executed.
14:12:24 INFO  : Connected to target on host '127.0.0.1' and port '3121'.
14:12:24 INFO  : Jtag cable 'Platform Cable USB II 13724327082d01' is selected.
14:12:24 INFO  : 'jtag frequency' command is executed.
14:12:24 INFO  : Sourcing of 'D:/Zynq/Ant_HDMI_AudioPWM/Ant_HDMI_AudioPWM.sdk/zsys_wrapper_hw_platform_0/ps7_init.tcl' is done.
14:12:24 INFO  : Context for 'APU' is selected.
14:12:24 INFO  : Hardware design information is loaded from 'D:/Zynq/Ant_HDMI_AudioPWM/Ant_HDMI_AudioPWM.sdk/zsys_wrapper_hw_platform_0/system.hdf'.
14:12:24 INFO  : 'configparams force-mem-access 1' command is executed.
14:12:24 INFO  : Context for 'APU' is selected.
14:12:24 INFO  : 'stop' command is executed.
14:12:25 INFO  : 'ps7_init' command is executed.
14:12:25 INFO  : 'ps7_post_config' command is executed.
14:12:25 INFO  : Context for processor 'ps7_cortexa9_0' is selected.
14:12:25 INFO  : Processor reset is completed for 'ps7_cortexa9_0'.
14:12:25 INFO  : Context for processor 'ps7_cortexa9_0' is selected.
14:12:26 INFO  : The application 'D:/Zynq/Ant_HDMI_AudioPWM/Ant_HDMI_AudioPWM.sdk/FSBL_bsp_xemacps_example_intr_dma_1/Debug/FSBL_bsp_xemacps_example_intr_dma_1.elf' is downloaded to processor 'ps7_cortexa9_0'.
14:12:26 INFO  : 'configparams force-mem-access 0' command is executed.
14:12:26 INFO  : ----------------XSDB Script----------------
connect -url tcp:127.0.0.1:3121
source D:/Zynq/Ant_HDMI_AudioPWM/Ant_HDMI_AudioPWM.sdk/zsys_wrapper_hw_platform_0/ps7_init.tcl
targets -set -nocase -filter {name =~"APU*" && jtag_cable_name =~ "Platform Cable USB II 13724327082d01"} -index 0
loadhw -hw D:/Zynq/Ant_HDMI_AudioPWM/Ant_HDMI_AudioPWM.sdk/zsys_wrapper_hw_platform_0/system.hdf -mem-ranges [list {0x40000000 0xbfffffff}]
configparams force-mem-access 1
targets -set -nocase -filter {name =~"APU*" && jtag_cable_name =~ "Platform Cable USB II 13724327082d01"} -index 0
stop
ps7_init
ps7_post_config
targets -set -nocase -filter {name =~ "ARM*#0" && jtag_cable_name =~ "Platform Cable USB II 13724327082d01"} -index 0
rst -processor
targets -set -nocase -filter {name =~ "ARM*#0" && jtag_cable_name =~ "Platform Cable USB II 13724327082d01"} -index 0
dow D:/Zynq/Ant_HDMI_AudioPWM/Ant_HDMI_AudioPWM.sdk/FSBL_bsp_xemacps_example_intr_dma_1/Debug/FSBL_bsp_xemacps_example_intr_dma_1.elf
configparams force-mem-access 0
----------------End of Script----------------

14:12:27 INFO  : Memory regions updated for context APU
14:12:27 INFO  : Context for processor 'ps7_cortexa9_0' is selected.
14:12:27 INFO  : 'con' command is executed.
14:12:27 INFO  : ----------------XSDB Script (After Launch)----------------
targets -set -nocase -filter {name =~ "ARM*#0" && jtag_cable_name =~ "Platform Cable USB II 13724327082d01"} -index 0
con
----------------End of Script----------------

14:12:27 INFO  : Launch script is exported to file 'D:\Zynq\Ant_HDMI_AudioPWM\Ant_HDMI_AudioPWM.sdk\.sdk\launch_scripts\xilinx_c-c++_application_(system_debugger)\system_debugger_using_debug_fsbl_bsp_xemacps_example_intr_dma_1.elf_on_local.tcl'
14:13:14 INFO  : Disconnected from the channel tcfchan#1.
14:13:15 INFO  : 'targets -set -filter {jtag_cable_name =~ "Platform Cable USB II 13724327082d01" && level==0} -index 1' command is executed.
14:13:15 INFO  : 'fpga -state' command is executed.
14:13:15 INFO  : Connected to target on host '127.0.0.1' and port '3121'.
14:13:16 INFO  : Jtag cable 'Platform Cable USB II 13724327082d01' is selected.
14:13:16 INFO  : 'jtag frequency' command is executed.
14:13:16 INFO  : Sourcing of 'D:/Zynq/Ant_HDMI_AudioPWM/Ant_HDMI_AudioPWM.sdk/zsys_wrapper_hw_platform_0/ps7_init.tcl' is done.
14:13:16 INFO  : Context for 'APU' is selected.
14:13:17 INFO  : Hardware design information is loaded from 'D:/Zynq/Ant_HDMI_AudioPWM/Ant_HDMI_AudioPWM.sdk/zsys_wrapper_hw_platform_0/system.hdf'.
14:13:17 INFO  : 'configparams force-mem-access 1' command is executed.
14:13:17 INFO  : Context for 'APU' is selected.
14:13:18 INFO  : 'stop' command is executed.
14:13:18 INFO  : 'ps7_init' command is executed.
14:13:18 INFO  : 'ps7_post_config' command is executed.
14:13:18 INFO  : Context for processor 'ps7_cortexa9_0' is selected.
14:13:18 INFO  : Processor reset is completed for 'ps7_cortexa9_0'.
14:13:18 INFO  : Context for processor 'ps7_cortexa9_0' is selected.
14:13:19 INFO  : The application 'D:/Zynq/Ant_HDMI_AudioPWM/Ant_HDMI_AudioPWM.sdk/FSBL_bsp_xemacps_example_intr_dma_1/Debug/FSBL_bsp_xemacps_example_intr_dma_1.elf' is downloaded to processor 'ps7_cortexa9_0'.
14:13:19 INFO  : 'configparams force-mem-access 0' command is executed.
14:13:19 INFO  : ----------------XSDB Script----------------
connect -url tcp:127.0.0.1:3121
source D:/Zynq/Ant_HDMI_AudioPWM/Ant_HDMI_AudioPWM.sdk/zsys_wrapper_hw_platform_0/ps7_init.tcl
targets -set -nocase -filter {name =~"APU*" && jtag_cable_name =~ "Platform Cable USB II 13724327082d01"} -index 0
loadhw -hw D:/Zynq/Ant_HDMI_AudioPWM/Ant_HDMI_AudioPWM.sdk/zsys_wrapper_hw_platform_0/system.hdf -mem-ranges [list {0x40000000 0xbfffffff}]
configparams force-mem-access 1
targets -set -nocase -filter {name =~"APU*" && jtag_cable_name =~ "Platform Cable USB II 13724327082d01"} -index 0
stop
ps7_init
ps7_post_config
targets -set -nocase -filter {name =~ "ARM*#0" && jtag_cable_name =~ "Platform Cable USB II 13724327082d01"} -index 0
rst -processor
targets -set -nocase -filter {name =~ "ARM*#0" && jtag_cable_name =~ "Platform Cable USB II 13724327082d01"} -index 0
dow D:/Zynq/Ant_HDMI_AudioPWM/Ant_HDMI_AudioPWM.sdk/FSBL_bsp_xemacps_example_intr_dma_1/Debug/FSBL_bsp_xemacps_example_intr_dma_1.elf
configparams force-mem-access 0
----------------End of Script----------------

14:13:20 INFO  : Memory regions updated for context APU
14:13:20 INFO  : Context for processor 'ps7_cortexa9_0' is selected.
14:13:20 INFO  : 'con' command is executed.
14:13:20 INFO  : ----------------XSDB Script (After Launch)----------------
targets -set -nocase -filter {name =~ "ARM*#0" && jtag_cable_name =~ "Platform Cable USB II 13724327082d01"} -index 0
con
----------------End of Script----------------

14:13:20 INFO  : Launch script is exported to file 'D:\Zynq\Ant_HDMI_AudioPWM\Ant_HDMI_AudioPWM.sdk\.sdk\launch_scripts\xilinx_c-c++_application_(system_debugger)\system_debugger_using_debug_fsbl_bsp_xemacps_example_intr_dma_1.elf_on_local.tcl'
14:15:53 INFO  : Disconnected from the channel tcfchan#2.
14:15:54 INFO  : 'targets -set -filter {jtag_cable_name =~ "Platform Cable USB II 13724327082d01" && level==0} -index 1' command is executed.
14:15:54 INFO  : 'fpga -state' command is executed.
14:15:54 INFO  : Connected to target on host '127.0.0.1' and port '3121'.
14:15:54 INFO  : Jtag cable 'Platform Cable USB II 13724327082d01' is selected.
14:15:54 INFO  : 'jtag frequency' command is executed.
14:15:54 INFO  : Sourcing of 'D:/Zynq/Ant_HDMI_AudioPWM/Ant_HDMI_AudioPWM.sdk/zsys_wrapper_hw_platform_0/ps7_init.tcl' is done.
14:15:54 INFO  : Context for 'APU' is selected.
14:15:56 INFO  : Hardware design information is loaded from 'D:/Zynq/Ant_HDMI_AudioPWM/Ant_HDMI_AudioPWM.sdk/zsys_wrapper_hw_platform_0/system.hdf'.
14:15:56 INFO  : 'configparams force-mem-access 1' command is executed.
14:15:56 INFO  : Context for 'APU' is selected.
14:15:56 INFO  : 'stop' command is executed.
14:15:57 INFO  : 'ps7_init' command is executed.
14:15:57 INFO  : 'ps7_post_config' command is executed.
14:15:57 INFO  : Context for processor 'ps7_cortexa9_0' is selected.
14:15:57 INFO  : Processor reset is completed for 'ps7_cortexa9_0'.
14:15:57 INFO  : Context for processor 'ps7_cortexa9_0' is selected.
14:15:58 INFO  : The application 'D:/Zynq/Ant_HDMI_AudioPWM/Ant_HDMI_AudioPWM.sdk/FSBL_bsp_xemacps_example_intr_dma_1/Debug/FSBL_bsp_xemacps_example_intr_dma_1.elf' is downloaded to processor 'ps7_cortexa9_0'.
14:15:58 INFO  : 'configparams force-mem-access 0' command is executed.
14:15:58 INFO  : ----------------XSDB Script----------------
connect -url tcp:127.0.0.1:3121
source D:/Zynq/Ant_HDMI_AudioPWM/Ant_HDMI_AudioPWM.sdk/zsys_wrapper_hw_platform_0/ps7_init.tcl
targets -set -nocase -filter {name =~"APU*" && jtag_cable_name =~ "Platform Cable USB II 13724327082d01"} -index 0
loadhw -hw D:/Zynq/Ant_HDMI_AudioPWM/Ant_HDMI_AudioPWM.sdk/zsys_wrapper_hw_platform_0/system.hdf -mem-ranges [list {0x40000000 0xbfffffff}]
configparams force-mem-access 1
targets -set -nocase -filter {name =~"APU*" && jtag_cable_name =~ "Platform Cable USB II 13724327082d01"} -index 0
stop
ps7_init
ps7_post_config
targets -set -nocase -filter {name =~ "ARM*#0" && jtag_cable_name =~ "Platform Cable USB II 13724327082d01"} -index 0
rst -processor
targets -set -nocase -filter {name =~ "ARM*#0" && jtag_cable_name =~ "Platform Cable USB II 13724327082d01"} -index 0
dow D:/Zynq/Ant_HDMI_AudioPWM/Ant_HDMI_AudioPWM.sdk/FSBL_bsp_xemacps_example_intr_dma_1/Debug/FSBL_bsp_xemacps_example_intr_dma_1.elf
configparams force-mem-access 0
----------------End of Script----------------

14:15:58 INFO  : Memory regions updated for context APU
14:15:58 INFO  : Context for processor 'ps7_cortexa9_0' is selected.
14:15:58 INFO  : 'con' command is executed.
14:15:58 INFO  : ----------------XSDB Script (After Launch)----------------
targets -set -nocase -filter {name =~ "ARM*#0" && jtag_cable_name =~ "Platform Cable USB II 13724327082d01"} -index 0
con
----------------End of Script----------------

14:15:58 INFO  : Launch script is exported to file 'D:\Zynq\Ant_HDMI_AudioPWM\Ant_HDMI_AudioPWM.sdk\.sdk\launch_scripts\xilinx_c-c++_application_(system_debugger)\system_debugger_using_debug_fsbl_bsp_xemacps_example_intr_dma_1.elf_on_local.tcl'
14:25:05 INFO  : Disconnected from the channel tcfchan#3.
14:25:06 INFO  : 'targets -set -filter {jtag_cable_name =~ "Platform Cable USB II 13724327082d01" && level==0} -index 1' command is executed.
14:25:06 INFO  : 'fpga -state' command is executed.
14:25:06 INFO  : Connected to target on host '127.0.0.1' and port '3121'.
14:25:06 INFO  : Jtag cable 'Platform Cable USB II 13724327082d01' is selected.
14:25:06 INFO  : 'jtag frequency' command is executed.
14:25:06 INFO  : Sourcing of 'D:/Zynq/Ant_HDMI_AudioPWM/Ant_HDMI_AudioPWM.sdk/zsys_wrapper_hw_platform_0/ps7_init.tcl' is done.
14:25:06 INFO  : Context for 'APU' is selected.
14:25:08 INFO  : Hardware design information is loaded from 'D:/Zynq/Ant_HDMI_AudioPWM/Ant_HDMI_AudioPWM.sdk/zsys_wrapper_hw_platform_0/system.hdf'.
14:25:08 INFO  : 'configparams force-mem-access 1' command is executed.
14:25:08 INFO  : Context for 'APU' is selected.
14:25:09 INFO  : 'stop' command is executed.
14:25:09 INFO  : 'ps7_init' command is executed.
14:25:09 INFO  : 'ps7_post_config' command is executed.
14:25:09 INFO  : Context for processor 'ps7_cortexa9_0' is selected.
14:25:09 INFO  : Processor reset is completed for 'ps7_cortexa9_0'.
14:25:09 INFO  : Context for processor 'ps7_cortexa9_0' is selected.
14:25:11 INFO  : The application 'D:/Zynq/Ant_HDMI_AudioPWM/Ant_HDMI_AudioPWM.sdk/FSBL_bsp_xemacps_example_intr_dma_1/Debug/FSBL_bsp_xemacps_example_intr_dma_1.elf' is downloaded to processor 'ps7_cortexa9_0'.
14:25:11 INFO  : 'configparams force-mem-access 0' command is executed.
14:25:11 INFO  : ----------------XSDB Script----------------
connect -url tcp:127.0.0.1:3121
source D:/Zynq/Ant_HDMI_AudioPWM/Ant_HDMI_AudioPWM.sdk/zsys_wrapper_hw_platform_0/ps7_init.tcl
targets -set -nocase -filter {name =~"APU*" && jtag_cable_name =~ "Platform Cable USB II 13724327082d01"} -index 0
loadhw -hw D:/Zynq/Ant_HDMI_AudioPWM/Ant_HDMI_AudioPWM.sdk/zsys_wrapper_hw_platform_0/system.hdf -mem-ranges [list {0x40000000 0xbfffffff}]
configparams force-mem-access 1
targets -set -nocase -filter {name =~"APU*" && jtag_cable_name =~ "Platform Cable USB II 13724327082d01"} -index 0
stop
ps7_init
ps7_post_config
targets -set -nocase -filter {name =~ "ARM*#0" && jtag_cable_name =~ "Platform Cable USB II 13724327082d01"} -index 0
rst -processor
targets -set -nocase -filter {name =~ "ARM*#0" && jtag_cable_name =~ "Platform Cable USB II 13724327082d01"} -index 0
dow D:/Zynq/Ant_HDMI_AudioPWM/Ant_HDMI_AudioPWM.sdk/FSBL_bsp_xemacps_example_intr_dma_1/Debug/FSBL_bsp_xemacps_example_intr_dma_1.elf
configparams force-mem-access 0
----------------End of Script----------------

14:25:11 INFO  : Memory regions updated for context APU
14:25:11 INFO  : Context for processor 'ps7_cortexa9_0' is selected.
14:25:11 INFO  : 'con' command is executed.
14:25:11 INFO  : ----------------XSDB Script (After Launch)----------------
targets -set -nocase -filter {name =~ "ARM*#0" && jtag_cable_name =~ "Platform Cable USB II 13724327082d01"} -index 0
con
----------------End of Script----------------

14:25:11 INFO  : Launch script is exported to file 'D:\Zynq\Ant_HDMI_AudioPWM\Ant_HDMI_AudioPWM.sdk\.sdk\launch_scripts\xilinx_c-c++_application_(system_debugger)\system_debugger_using_debug_fsbl_bsp_xemacps_example_intr_dma_1.elf_on_local.tcl'
14:28:57 INFO  : No changes in MSS file content so not generating sources.
14:31:43 INFO  : Disconnected from the channel tcfchan#4.
14:31:44 INFO  : 'targets -set -filter {jtag_cable_name =~ "Platform Cable USB II 13724327082d01" && level==0} -index 1' command is executed.
14:31:44 INFO  : 'fpga -state' command is executed.
14:31:44 INFO  : Connected to target on host '127.0.0.1' and port '3121'.
14:31:45 INFO  : Jtag cable 'Platform Cable USB II 13724327082d01' is selected.
14:31:45 INFO  : 'jtag frequency' command is executed.
14:31:45 INFO  : Sourcing of 'D:/Zynq/Ant_HDMI_AudioPWM/Ant_HDMI_AudioPWM.sdk/zsys_wrapper_hw_platform_0/ps7_init.tcl' is done.
14:31:45 INFO  : Context for 'APU' is selected.
14:31:47 INFO  : Hardware design information is loaded from 'D:/Zynq/Ant_HDMI_AudioPWM/Ant_HDMI_AudioPWM.sdk/zsys_wrapper_hw_platform_0/system.hdf'.
14:31:47 INFO  : 'configparams force-mem-access 1' command is executed.
14:31:47 INFO  : Context for 'APU' is selected.
14:31:47 INFO  : 'stop' command is executed.
14:31:48 INFO  : 'ps7_init' command is executed.
14:31:48 INFO  : 'ps7_post_config' command is executed.
14:31:48 INFO  : Context for processor 'ps7_cortexa9_0' is selected.
14:31:48 INFO  : Processor reset is completed for 'ps7_cortexa9_0'.
14:31:48 INFO  : Context for processor 'ps7_cortexa9_0' is selected.
14:31:49 INFO  : The application 'D:/Zynq/Ant_HDMI_AudioPWM/Ant_HDMI_AudioPWM.sdk/FSBL_bsp_xemacps_example_intr_dma_1/Debug/FSBL_bsp_xemacps_example_intr_dma_1.elf' is downloaded to processor 'ps7_cortexa9_0'.
14:31:49 INFO  : 'configparams force-mem-access 0' command is executed.
14:31:49 INFO  : ----------------XSDB Script----------------
connect -url tcp:127.0.0.1:3121
source D:/Zynq/Ant_HDMI_AudioPWM/Ant_HDMI_AudioPWM.sdk/zsys_wrapper_hw_platform_0/ps7_init.tcl
targets -set -nocase -filter {name =~"APU*" && jtag_cable_name =~ "Platform Cable USB II 13724327082d01"} -index 0
loadhw -hw D:/Zynq/Ant_HDMI_AudioPWM/Ant_HDMI_AudioPWM.sdk/zsys_wrapper_hw_platform_0/system.hdf -mem-ranges [list {0x40000000 0xbfffffff}]
configparams force-mem-access 1
targets -set -nocase -filter {name =~"APU*" && jtag_cable_name =~ "Platform Cable USB II 13724327082d01"} -index 0
stop
ps7_init
ps7_post_config
targets -set -nocase -filter {name =~ "ARM*#0" && jtag_cable_name =~ "Platform Cable USB II 13724327082d01"} -index 0
rst -processor
targets -set -nocase -filter {name =~ "ARM*#0" && jtag_cable_name =~ "Platform Cable USB II 13724327082d01"} -index 0
dow D:/Zynq/Ant_HDMI_AudioPWM/Ant_HDMI_AudioPWM.sdk/FSBL_bsp_xemacps_example_intr_dma_1/Debug/FSBL_bsp_xemacps_example_intr_dma_1.elf
configparams force-mem-access 0
----------------End of Script----------------

14:31:49 INFO  : Memory regions updated for context APU
14:31:49 INFO  : Context for processor 'ps7_cortexa9_0' is selected.
14:31:49 INFO  : 'con' command is executed.
14:31:49 INFO  : ----------------XSDB Script (After Launch)----------------
targets -set -nocase -filter {name =~ "ARM*#0" && jtag_cable_name =~ "Platform Cable USB II 13724327082d01"} -index 0
con
----------------End of Script----------------

14:31:49 INFO  : Launch script is exported to file 'D:\Zynq\Ant_HDMI_AudioPWM\Ant_HDMI_AudioPWM.sdk\.sdk\launch_scripts\xilinx_c-c++_application_(system_debugger)\system_debugger_using_debug_fsbl_bsp_xemacps_example_intr_dma_1.elf_on_local.tcl'
14:39:40 INFO  : Invoking Bootgen: bootgen -image FSBL.bif -arch zynq -o D:\Zynq\Ant_HDMI_AudioPWM\Ant_HDMI_AudioPWM.sdk\FSBL\bootimage\BOOT.bin
14:39:40 INFO  : Creating new bif file D:\Zynq\Ant_HDMI_AudioPWM\Ant_HDMI_AudioPWM.sdk\FSBL\bootimage\FSBL.bif
14:39:42 INFO  : Bootgen command execution is done.
14:54:28 INFO  : Invoking Bootgen: bootgen -image FSBL.bif -arch zynq -o D:\Zynq\Ant_HDMI_AudioPWM\Ant_HDMI_AudioPWM.sdk\FSBL\bootimage\BOOT.bin -w on
14:54:28 INFO  : Overwriting existing bif file D:\Zynq\Ant_HDMI_AudioPWM\Ant_HDMI_AudioPWM.sdk\FSBL\bootimage\FSBL.bif
14:54:30 INFO  : Bootgen command execution is done.
14:55:01 INFO  : Invoking Bootgen: bootgen -image FSBL.bif -arch zynq -o D:\Zynq\Ant_HDMI_AudioPWM\Ant_HDMI_AudioPWM.sdk\FSBL\bootimage\BOOT.bin -w on
14:55:01 INFO  : Overwriting existing bif file D:\Zynq\Ant_HDMI_AudioPWM\Ant_HDMI_AudioPWM.sdk\FSBL\bootimage\FSBL.bif
14:55:03 INFO  : Bootgen command execution is done.
16:47:32 INFO  : Invoking Bootgen: bootgen -image FSBL.bif -arch zynq -o D:\Zynq\Ant_HDMI_AudioPWM\Ant_HDMI_AudioPWM.sdk\FSBL\bootimage\BOOT.bin -w on
16:47:32 INFO  : Overwriting existing bif file D:\Zynq\Ant_HDMI_AudioPWM\Ant_HDMI_AudioPWM.sdk\FSBL\bootimage\FSBL.bif
16:47:34 INFO  : Bootgen command execution is done.
17:13:04 INFO  : Disconnected from the channel tcfchan#5.
03:44:13 INFO  : Launching XSCT server: xsct.bat -interactive E:\Ant_HDMI_AudioPWM\Ant_HDMI_AudioPWM.sdk\temp_xsdb_launch_script.tcl
03:44:20 INFO  : XSCT server has started successfully.
03:44:21 INFO  : Successfully done setting XSCT server connection channel  
03:44:40 INFO  : Successfully done setting SDK workspace  
03:45:15 INFO  : Registering command handlers for SDK TCF services
03:45:15 INFO  : Processing command line option -hwspec E:/Ant_HDMI_AudioPWM/Ant_HDMI_AudioPWM.sdk/zsys_wrapper.hdf.
03:45:19 ERROR : (XSDB Server)ERROR: [Hsi 55-1597] SwCore ddrcps is not found in Repositories
ERROR: [Hsi 55-1594] Core ddrcps of version  not found in repositories

03:45:19 ERROR : (XSDB Server)ERROR: [Hsi 55-1597] SwCore globaltimerps is not found in Repositories
ERROR: [Hsi 55-1594] Core globaltimerps of version  not found in repositories
ERROR: [Hsi 55-1597] SwCore ocmcps is not found in Repositories
ERROR: [Hsi 55-1594] Core ocmcps of version  not found in repositories
ERROR: [Hsi 55-1597] SwCore pl310ps is not found in Repositories
ERROR: [Hsi 55-1594] Core pl310ps of version  not found in repositories
ERROR: [Hsi 55-1597] SwCore pmups is not found in Repositories
ERROR: [Hsi 55-1594] Core pmups of version  not found in repositories
ERROR: [Hsi 55-1597] SwCore ramps is not found in Repositories
ERROR: [Hsi 55-1594] Core ramps of version  not found in repositories
ERROR: [Hsi 55-1597] SwCore slcrps is not found in Repositories
ERROR: [Hsi 55-1594] Core slcrps of version  not found in repositories
ERROR: [Hsi 55-1597] SwCore smccps is not found in Repositories
ERROR: [Hsi 55-1594] Core smccps of version  not found in repositories
ERROR: [Hsi 55-1597] SwCore axi_vdma is not found in Repositories
ERROR: [Hsi 55-1594] Core axi_vdma of version  not found in repositories
ERROR: [Hsi 55-1597] SwCore axi_clk_wiz is not found in Repositories
ERROR: [Hsi 55-1594] Core axi_clk_wiz of version  not found in repositories
ERROR: [Hsi 55-1597] SwCore device_tree is not found in Repositories
ERROR: [Hsi 55-1594] Core device_tree of version  not found in repositories

03:45:19 ERROR : (XSDB Server)ERROR: [Hsi 55-1452] Error: running open_sw_design.

03:45:19 ERROR :  [Common 17-39] 'hsi::open_sw_design' failed due to earlier errors.
03:45:19 ERROR : (XSDB Server)ERROR: [Hsi 55-1597] SwCore ddrcps is not found in Repositories
ERROR: [Hsi 55-1594] Core ddrcps of version  not found in repositories
ERROR: [Hsi 55-1597] SwCore globaltimerps is not found in Repositories
ERROR: [Hsi 55-1594] Core globaltimerps of version  not found in repositories
ERROR: [Hsi 55-1597] SwCore ocmcps is not found in Repositories
ERROR: [Hsi 55-1594] Core ocmcps of version  not found in repositories
ERROR: [Hsi 55-1597] SwCore pl310ps is not found in Repositories
ERROR: [Hsi 55-1594] Core pl310ps of version  not found in repositories
ERROR: [Hsi 55-1597] SwCore pmups is not found in Repositories
ERROR: [Hsi 55-1594] Core pmups of version  not found in repositories
ERROR: [Hsi 55-1597] SwCore ramps is not found in Repositories
ERROR: [Hsi 55-1594] Core ramps of version  not found in repositories
ERROR: [Hsi 55-1597] SwCore slcrps is not found in Repositories
ERROR: [Hsi 55-1594] Core slcrps of version  not found in repositories
ERROR: [Hsi 55-1597] SwCore smccps is not found in Repositories
ERROR: [Hsi 55-1594] Core smccps of version  not found in repositories
ERROR: [Hsi 55-1597] SwCore axi_vdma is not found in Repositories
ERROR: [Hsi 55-1594] Core axi_vdma of version  not found in repositories
ERROR: [Hsi 55-1597] SwCore axi_clk_wiz is not found in Repositories
ERROR: [Hsi 55-1594] Core axi_clk_wiz of version  not found in repositories
ERROR: [Hsi 55-1597] SwCore device_tree is not found in Repositories
ERROR: [Hsi 55-1594] Core device_tree of version  not found in repositories
ERROR: [Hsi 55-1452] Error: running open_sw_design.

03:45:19 INFO  : Unable to read in MSS file E:\Ant_HDMI_AudioPWM\Ant_HDMI_AudioPWM.sdk\device_tree_bsp_0\system.mss : null
03:45:19 ERROR : (XSDB Server)ERROR: [Hsi 55-1597] SwCore ddrcps is not found in Repositories

03:45:19 ERROR : (XSDB Server)ERROR: [Hsi 55-1594] Core ddrcps of version  not found in repositories
ERROR: [Hsi 55-1597] SwCore globaltimerps is not found in Repositories
ERROR: [Hsi 55-1594] Core globaltimerps of version  not found in repositories
ERROR: [Hsi 55-1597] SwCore ocmcps is not found in Repositories
ERROR: [Hsi 55-1594] Core ocmcps of version  not found in repositories
ERROR: [Hsi 55-1597] SwCore pl310ps is not found in Repositories
ERROR: [Hsi 55-1594] Core pl310ps of version  not found in repositories
ERROR: [Hsi 55-1597] SwCore pmups is not found in Repositories
ERROR: [Hsi 55-1594] Core pmups of version  not found in repositories
ERROR: [Hsi 55-1597] SwCore ramps is not found in Repositories
ERROR: [Hsi 55-1594] Core ramps of version  not found in repositories
ERROR: [Hsi 55-1597] SwCore slcrps is not found in Repositories
ERROR: [Hsi 55-1594] Core slcrps of version  not found in repositories
ERROR: [Hsi 55-1597] SwCore smccps is not found in Repositories
ERROR: [Hsi 55-1594] Core smccps of version  not found in repositories
ERROR: [Hsi 55-1597] SwCore axi_vdma is not found in Repositories
ERROR: [Hsi 55-1594] Core axi_vdma of version  not found in repositories
ERROR: [Hsi 55-1597] SwCore axi_clk_wiz is not found in Repositories
ERROR: [Hsi 55-1594] Core axi_clk_wiz of version  not found in repositories
ERROR: [Hsi 55-1597] SwCore device_tree is not found in Repositories
ERROR: [Hsi 55-1594] Core device_tree of version  not found in repositories
ERROR: [Hsi 55-1452] Error: running open_sw_design.

03:45:19 ERROR : Failed in generating sources
03:45:19 INFO  : BSP Project P/device_tree_bsp_0 has been successfully migrated.
03:45:48 ERROR : (XSDB Server)ERROR: [Hsi 55-1597] SwCore ddrcps is not found in Repositories

03:45:48 ERROR : (XSDB Server)ERROR: [Hsi 55-1594] Core ddrcps of version  not found in repositories
ERROR: [Hsi 55-1597] SwCore globaltimerps is not found in Repositories
ERROR: [Hsi 55-1594] Core globaltimerps of version  not found in repositories

03:45:48 ERROR : (XSDB Server)ERROR: [Hsi 55-1597] SwCore ocmcps is not found in Repositories
ERROR: [Hsi 55-1594] Core ocmcps of version  not found in repositories
ERROR: [Hsi 55-1597] SwCore pl310ps is not found in Repositories
ERROR: [Hsi 55-1594] Core pl310ps of version  not found in repositories
ERROR: [Hsi 55-1597] SwCore pmups is not found in Repositories
ERROR: [Hsi 55-1594] Core pmups of version  not found in repositories
ERROR: [Hsi 55-1597] SwCore ramps is not found in Repositories
ERROR: [Hsi 55-1594] Core ramps of version  not found in repositories
ERROR: [Hsi 55-1597] SwCore slcrps is not found in Repositories
ERROR: [Hsi 55-1594] Core slcrps of version  not found in repositories
ERROR: [Hsi 55-1597] SwCore smccps is not found in Repositories
ERROR: [Hsi 55-1594] Core smccps of version  not found in repositories
ERROR: [Hsi 55-1597] SwCore axi_vdma is not found in Repositories
ERROR: [Hsi 55-1594] Core axi_vdma of version  not found in repositories
ERROR: [Hsi 55-1597] SwCore axi_clk_wiz is not found in Repositories
ERROR: [Hsi 55-1594] Core axi_clk_wiz of version  not found in repositories
ERROR: [Hsi 55-1597] SwCore device_tree is not found in Repositories
ERROR: [Hsi 55-1594] Core device_tree of version  not found in repositories
ERROR: [Hsi 55-1452] Error: running open_sw_design.

03:45:48 ERROR :  [Common 17-39] 'hsi::open_sw_design' failed due to earlier errors.
03:45:48 ERROR : (XSDB Server)ERROR: [Hsi 55-1597] SwCore ddrcps is not found in Repositories

03:45:48 ERROR : (XSDB Server)ERROR: [Hsi 55-1594] Core ddrcps of version  not found in repositories
ERROR: [Hsi 55-1597] SwCore globaltimerps is not found in Repositories
ERROR: [Hsi 55-1594] Core globaltimerps of version  not found in repositories
ERROR: [Hsi 55-1597] SwCore ocmcps is not found in Repositories
ERROR: [Hsi 55-1594] Core ocmcps of version  not found in repositories
ERROR: [Hsi 55-1597] SwCore pl310ps is not found in Repositories
ERROR: [Hsi 55-1594] Core pl310ps of version  not found in repositories
ERROR: [Hsi 55-1597] SwCore pmups is not found in Repositories
ERROR: [Hsi 55-1594] Core pmups of version  not found in repositories
ERROR: [Hsi 55-1597] SwCore ramps is not found in Repositories
ERROR: [Hsi 55-1594] Core ramps of version  not found in repositories
ERROR: [Hsi 55-1597] SwCore slcrps is not found in Repositories
ERROR: [Hsi 55-1594] Core slcrps of version  not found in repositories
ERROR: [Hsi 55-1597] SwCore smccps is not found in Repositories
ERROR: [Hsi 55-1594] Core smccps of version  not found in repositories
ERROR: [Hsi 55-1597] SwCore axi_vdma is not found in Repositories
ERROR: [Hsi 55-1594] Core axi_vdma of version  not found in repositories
ERROR: [Hsi 55-1597] SwCore axi_clk_wiz is not found in Repositories
ERROR: [Hsi 55-1594] Core axi_clk_wiz of version  not found in repositories
ERROR: [Hsi 55-1597] SwCore device_tree is not found in Repositories
ERROR: [Hsi 55-1594] Core device_tree of version  not found in repositories
ERROR: [Hsi 55-1452] Error: running open_sw_design.

03:45:48 INFO  : Unable to read in MSS file E:\Ant_HDMI_AudioPWM\Ant_HDMI_AudioPWM.sdk\device_tree_bsp_0\system.mss : null
03:45:49 ERROR : (XSDB Server)ERROR: [Hsi 55-1597] SwCore ddrcps is not found in Repositories

03:45:49 ERROR : (XSDB Server)ERROR: [Hsi 55-1594] Core ddrcps of version  not found in repositories
ERROR: [Hsi 55-1597] SwCore globaltimerps is not found in Repositories
ERROR: [Hsi 55-1594] Core globaltimerps of version  not found in repositories
ERROR: [Hsi 55-1597] SwCore ocmcps is not found in Repositories
ERROR: [Hsi 55-1594] Core ocmcps of version  not found in repositories
ERROR: [Hsi 55-1597] SwCore pl310ps is not found in Repositories
ERROR: [Hsi 55-1594] Core pl310ps of version  not found in repositories
ERROR: [Hsi 55-1597] SwCore pmups is not found in Repositories
ERROR: [Hsi 55-1594] Core pmups of version  not found in repositories
ERROR: [Hsi 55-1597] SwCore ramps is not found in Repositories
ERROR: [Hsi 55-1594] Core ramps of version  not found in repositories
ERROR: [Hsi 55-1597] SwCore slcrps is not found in Repositories
ERROR: [Hsi 55-1594] Core slcrps of version  not found in repositories
ERROR: [Hsi 55-1597] SwCore smccps is not found in Repositories
ERROR: [Hsi 55-1594] Core smccps of version  not found in repositories
ERROR: [Hsi 55-1597] SwCore axi_vdma is not found in Repositories
ERROR: [Hsi 55-1594] Core axi_vdma of version  not found in repositories
ERROR: [Hsi 55-1597] SwCore axi_clk_wiz is not found in Repositories
ERROR: [Hsi 55-1594] Core axi_clk_wiz of version  not found in repositories
ERROR: [Hsi 55-1597] SwCore device_tree is not found in Repositories
ERROR: [Hsi 55-1594] Core device_tree of version  not found in repositories
ERROR: [Hsi 55-1452] Error: running open_sw_design.

03:45:49 ERROR : (XSDB Server)ERROR: [Hsi 55-1597] SwCore ddrcps is not found in Repositories

03:45:49 ERROR : (XSDB Server)ERROR: [Hsi 55-1594] Core ddrcps of version  not found in repositories

03:45:49 ERROR : (XSDB Server)ERROR: [Hsi 55-1597] SwCore globaltimerps is not found in Repositories

03:45:49 ERROR : (XSDB Server)ERROR: [Hsi 55-1594] Core globaltimerps of version  not found in repositories

03:45:49 ERROR : (XSDB Server)ERROR: [Hsi 55-1597] SwCore ocmcps is not found in Repositories

03:45:49 ERROR : (XSDB Server)ERROR: [Hsi 55-1594] Core ocmcps of version  not found in repositories

03:45:49 ERROR : (XSDB Server)ERROR: [Hsi 55-1597] SwCore pl310ps is not found in Repositories
ERROR: [Hsi 55-1594] Core pl310ps of version  not found in repositories
ERROR: [Hsi 55-1597] SwCore pmups is not found in Repositories

03:45:49 ERROR : (XSDB Server)ERROR: [Hsi 55-1594] Core pmups of version  not found in repositories

03:45:49 ERROR : (XSDB Server)ERROR: [Hsi 55-1597] SwCore ramps is not found in Repositories

03:45:49 ERROR : (XSDB Server)ERROR: [Hsi 55-1594] Core ramps of version  not found in repositories

03:45:49 ERROR : (XSDB Server)ERROR: [Hsi 55-1597] SwCore slcrps is not found in Repositories

03:45:49 ERROR : (XSDB Server)ERROR: [Hsi 55-1594] Core slcrps of version  not found in repositories

03:45:49 ERROR : (XSDB Server)ERROR: [Hsi 55-1597] SwCore smccps is not found in Repositories

03:45:49 ERROR : (XSDB Server)ERROR: [Hsi 55-1594] Core smccps of version  not found in repositories

03:45:49 ERROR : (XSDB Server)ERROR: [Hsi 55-1597] SwCore axi_vdma is not found in Repositories

03:45:49 ERROR : (XSDB Server)ERROR: [Hsi 55-1594] Core axi_vdma of version  not found in repositories

03:45:49 ERROR : (XSDB Server)ERROR: [Hsi 55-1597] SwCore axi_clk_wiz is not found in Repositories

03:45:49 ERROR : (XSDB Server)ERROR: [Hsi 55-1594] Core axi_clk_wiz of version  not found in repositories

03:45:49 ERROR : (XSDB Server)ERROR: [Hsi 55-1597] SwCore device_tree is not found in Repositories

03:45:49 ERROR : (XSDB Server)ERROR: [Hsi 55-1594] Core device_tree of version  not found in repositories

03:45:49 ERROR : (XSDB Server)ERROR: [Hsi 55-1452] Error: running open_sw_design.

03:45:49 ERROR : Failed to get_connected_periphs
Reason: ERROR: [Common 17-55] 'get_property' expects at least one object.
Resolution: If [get_<value>] was used to populate the object, check to make sure this command returns at least one valid object.

03:48:23 ERROR : (XSDB Server)ERROR: [Hsi 55-1597] SwCore ddrcps is not found in Repositories

03:48:23 ERROR : (XSDB Server)ERROR: [Hsi 55-1594] Core ddrcps of version  not found in repositories
ERROR: [Hsi 55-1597] SwCore globaltimerps is not found in Repositories
ERROR: [Hsi 55-1594] Core globaltimerps of version  not found in repositories
ERROR: [Hsi 55-1597] SwCore ocmcps is not found in Repositories
ERROR: [Hsi 55-1594] Core ocmcps of version  not found in repositories
ERROR: [Hsi 55-1597] SwCore pl310ps is not found in Repositories
ERROR: [Hsi 55-1594] Core pl310ps of version  not found in repositories
ERROR: [Hsi 55-1597] SwCore pmups is not found in Repositories
ERROR: [Hsi 55-1594] Core pmups of version  not found in repositories
ERROR: [Hsi 55-1597] SwCore ramps is not found in Repositories
ERROR: [Hsi 55-1594] Core ramps of version  not found in repositories
ERROR: [Hsi 55-1597] SwCore slcrps is not found in Repositories
ERROR: [Hsi 55-1594] Core slcrps of version  not found in repositories
ERROR: [Hsi 55-1597] SwCore smccps is not found in Repositories
ERROR: [Hsi 55-1594] Core smccps of version  not found in repositories
ERROR: [Hsi 55-1597] SwCore axi_vdma is not found in Repositories
ERROR: [Hsi 55-1594] Core axi_vdma of version  not found in repositories
ERROR: [Hsi 55-1597] SwCore axi_clk_wiz is not found in Repositories

03:48:23 ERROR : (XSDB Server)ERROR: [Hsi 55-1594] Core axi_clk_wiz of version  not found in repositories

03:48:23 ERROR : (XSDB Server)ERROR: [Hsi 55-1597] SwCore device_tree is not found in Repositories

03:48:23 ERROR : (XSDB Server)ERROR: [Hsi 55-1594] Core device_tree of version  not found in repositories

03:48:23 ERROR : (XSDB Server)ERROR: [Hsi 55-1452] Error: running open_sw_design.

03:48:23 ERROR :  [Common 17-39] 'hsi::open_sw_design' failed due to earlier errors.
03:48:23 ERROR : (XSDB Server)ERROR: [Hsi 55-1597] SwCore ddrcps is not found in Repositories

03:48:23 ERROR : (XSDB Server)ERROR: [Hsi 55-1594] Core ddrcps of version  not found in repositories

03:48:23 ERROR : (XSDB Server)ERROR: [Hsi 55-1597] SwCore globaltimerps is not found in Repositories

03:48:23 ERROR : (XSDB Server)ERROR: [Hsi 55-1594] Core globaltimerps of version  not found in repositories

03:48:23 ERROR : (XSDB Server)ERROR: [Hsi 55-1597] SwCore ocmcps is not found in Repositories
ERROR: [Hsi 55-1594] Core ocmcps of version  not found in repositories

03:48:23 ERROR : (XSDB Server)ERROR: [Hsi 55-1597] SwCore pl310ps is not found in Repositories

03:48:23 ERROR : (XSDB Server)ERROR: [Hsi 55-1594] Core pl310ps of version  not found in repositories

03:48:23 ERROR : (XSDB Server)ERROR: [Hsi 55-1597] SwCore pmups is not found in Repositories

03:48:23 ERROR : (XSDB Server)ERROR: [Hsi 55-1594] Core pmups of version  not found in repositories

03:48:23 ERROR : (XSDB Server)ERROR: [Hsi 55-1597] SwCore ramps is not found in Repositories

03:48:23 ERROR : (XSDB Server)ERROR: [Hsi 55-1594] Core ramps of version  not found in repositories

03:48:23 ERROR : (XSDB Server)ERROR: [Hsi 55-1597] SwCore slcrps is not found in Repositories

03:48:23 ERROR : (XSDB Server)ERROR: [Hsi 55-1594] Core slcrps of version  not found in repositories

03:48:23 ERROR : (XSDB Server)ERROR: [Hsi 55-1597] SwCore smccps is not found in Repositories

03:48:23 ERROR : (XSDB Server)ERROR: [Hsi 55-1594] Core smccps of version  not found in repositories

03:48:23 ERROR : (XSDB Server)ERROR: [Hsi 55-1597] SwCore axi_vdma is not found in Repositories

03:48:23 ERROR : (XSDB Server)ERROR: [Hsi 55-1594] Core axi_vdma of version  not found in repositories

03:48:23 ERROR : (XSDB Server)ERROR: [Hsi 55-1597] SwCore axi_clk_wiz is not found in Repositories

03:48:23 ERROR : (XSDB Server)ERROR: [Hsi 55-1594] Core axi_clk_wiz of version  not found in repositories

03:48:23 ERROR : (XSDB Server)ERROR: [Hsi 55-1597] SwCore device_tree is not found in Repositories

03:48:23 ERROR : (XSDB Server)ERROR: [Hsi 55-1594] Core device_tree of version  not found in repositories

03:48:23 ERROR : (XSDB Server)ERROR: [Hsi 55-1452] Error: running open_sw_design.

03:48:23 INFO  : Unable to read in MSS file E:\Ant_HDMI_AudioPWM\Ant_HDMI_AudioPWM.sdk\device_tree_bsp_0\system.mss : null
03:48:23 ERROR : (XSDB Server)ERROR: [Hsi 55-1597] SwCore ddrcps is not found in Repositories

03:48:23 ERROR : (XSDB Server)ERROR: [Hsi 55-1594] Core ddrcps of version  not found in repositories

03:48:23 ERROR : (XSDB Server)ERROR: [Hsi 55-1452] Error: running open_sw_design.

03:48:23 ERROR : (XSDB Server)ERROR: [Hsi 55-1452] Error: running open_sw_design.

03:48:23 ERROR :  [Common 17-39] 'hsi::open_sw_design' failed due to earlier errors.
03:48:23 ERROR : (XSDB Server)ERROR: [Hsi 55-1452] Error: running open_sw_design.

03:48:23 INFO  : Unable to read in MSS file E:\Ant_HDMI_AudioPWM\Ant_HDMI_AudioPWM.sdk\device_tree_bsp_0\system.mss : null
03:48:23 ERROR : (XSDB Server)ERROR: [Hsi 55-1452] Error: running open_sw_design.

03:48:23 ERROR : (XSDB Server)ERROR: [Hsi 55-1452] Error: running open_sw_design.

03:48:23 ERROR :  [Common 17-39] 'hsi::open_sw_design' failed due to earlier errors.
03:48:23 ERROR : (XSDB Server)ERROR: [Hsi 55-1452] Error: running open_sw_design.

03:48:23 INFO  : Unable to read in MSS file E:\Ant_HDMI_AudioPWM\Ant_HDMI_AudioPWM.sdk\device_tree_bsp_0\system.mss : null
03:48:23 ERROR : (XSDB Server)ERROR: [Hsi 55-1452] Error: running open_sw_design.

03:49:23 ERROR : (XSDB Server)ERROR: [Hsi 55-1452] Error: running open_sw_design.

03:49:23 ERROR :  [Common 17-39] 'hsi::open_sw_design' failed due to earlier errors.
03:49:23 ERROR : (XSDB Server)ERROR: [Hsi 55-1452] Error: running open_sw_design.

03:49:23 INFO  : Unable to read in MSS file E:\Ant_HDMI_AudioPWM\Ant_HDMI_AudioPWM.sdk\device_tree_bsp_0\system.mss : null
03:49:23 ERROR : (XSDB Server)ERROR: [Hsi 55-1452] Error: running open_sw_design.

03:49:23 ERROR : (XSDB Server)ERROR: [Hsi 55-1452] Error: running open_sw_design.

03:49:23 ERROR :  [Common 17-39] 'hsi::open_sw_design' failed due to earlier errors.
03:49:23 ERROR : (XSDB Server)ERROR: [Hsi 55-1452] Error: running open_sw_design.

03:49:23 INFO  : Unable to read in MSS file E:\Ant_HDMI_AudioPWM\Ant_HDMI_AudioPWM.sdk\device_tree_bsp_0\system.mss : null
03:49:23 ERROR : (XSDB Server)ERROR: [Hsi 55-1452] Error: running open_sw_design.

03:49:23 ERROR : (XSDB Server)ERROR: [Hsi 55-1452] Error: running open_sw_design.

03:49:23 ERROR :  [Common 17-39] 'hsi::open_sw_design' failed due to earlier errors.
03:49:23 ERROR : (XSDB Server)ERROR: [Hsi 55-1452] Error: running open_sw_design.

03:49:23 INFO  : Unable to read in MSS file E:\Ant_HDMI_AudioPWM\Ant_HDMI_AudioPWM.sdk\device_tree_bsp_0\system.mss : null
03:49:23 ERROR : (XSDB Server)ERROR: [Hsi 55-1452] Error: running open_sw_design.

03:50:22 ERROR : (XSDB Server)ERROR: [Hsi 55-1452] Error: running open_sw_design.

03:50:22 ERROR :  [Common 17-39] 'hsi::open_sw_design' failed due to earlier errors.
03:50:22 ERROR : (XSDB Server)ERROR: [Hsi 55-1452] Error: running open_sw_design.

03:50:22 INFO  : Unable to read in MSS file E:\Ant_HDMI_AudioPWM\Ant_HDMI_AudioPWM.sdk\device_tree_bsp_0\system.mss : null
03:50:22 ERROR : (XSDB Server)ERROR: [Hsi 55-1452] Error: running open_sw_design.

03:50:22 ERROR : (XSDB Server)ERROR: [Hsi 55-1452] Error: running open_sw_design.

03:50:22 ERROR : Failed to get_connected_periphs
Reason: ERROR: [Common 17-55] 'get_property' expects at least one object.
Resolution: If [get_<value>] was used to populate the object, check to make sure this command returns at least one valid object.

03:52:55 INFO  : Refreshed build settings on project FSBLiis
03:54:56 INFO  : Invoking Bootgen: bootgen -image FSBLiis.bif -arch zynq -o E:\Ant_HDMI_AudioPWM\Ant_HDMI_AudioPWM.sdk\FSBLiis\bootimage\BOOT.bin
03:54:56 INFO  : Creating new bif file E:\Ant_HDMI_AudioPWM\Ant_HDMI_AudioPWM.sdk\FSBLiis\bootimage\FSBLiis.bif
03:54:58 INFO  : Bootgen command execution is done.
14:57:19 INFO  : Saving repository preferences.
14:57:19 INFO  : Reading in cores from local repositories: 
		 E:\device-tree-xlnx
14:57:20 INFO  : Cleaning BSP projects in the workspace.
14:57:28 INFO  : Saving repository preferences.
15:04:31 ERROR : (XSDB Server)ERROR: [Hsi 55-1545] Problem running tcl command ::sw_axi_clk_wiz::generate : can't read "clkk": no such variable
    while executing
"switch $clkk {
			"FCLK_CLK0" {
					set fclk_clk0 "clkc 15"
					set clocks [lappend clocks $fclk_clk0]
			}
			"FCLK_CLK1" {
					set fclk_clk1 "clk..."
    ("foreach" body line 11)
    invoked from within
"foreach clk $clk_pins {
		set ip [get_cells -hier $drv_handle]
		set pins [get_pins -of_objects [get_nets -of_objects [get_pins -of_objects $ip $clk]]..."
    (procedure "update_zynq_clk_wiz_node" line 6)
    invoked from within
"update_zynq_clk_wiz_node $drv_handle "clk_in1 s_axi_aclk""
    (procedure "::sw_axi_clk_wiz::generate" line 31)
    invoked from within
"::sw_axi_clk_wiz::generate video_out_clk_wiz_1"
ERROR: [Hsi 55-1442] Error(s) while running TCL procedure generate()

15:04:31 ERROR : (XSDB Server)ERROR: [Hsi 55-1450] Error: running generate_bsp.

15:04:31 ERROR : Error generating bsp sources: Failed in generating sources
15:04:31 ERROR : Failed to generate sources for BSP project device_tree_bsp_i2s
org.eclipse.core.runtime.CoreException: Internal error occurred while generating bsp sources. Please check the SDK Log view for further details.
	at com.xilinx.sdk.sw.ui.handlers.RegenBspSourcesHandler.internalGenerateBsp(RegenBspSourcesHandler.java:178)
	at com.xilinx.sdk.sw.ui.handlers.RegenBspSourcesHandler.access$2(RegenBspSourcesHandler.java:163)
	at com.xilinx.sdk.sw.ui.handlers.RegenBspSourcesHandler$1$1.run(RegenBspSourcesHandler.java:131)
	at org.eclipse.core.internal.resources.Workspace.run(Workspace.java:2240)
	at org.eclipse.core.internal.resources.Workspace.run(Workspace.java:2267)
	at com.xilinx.sdk.sw.ui.handlers.RegenBspSourcesHandler$1.run(RegenBspSourcesHandler.java:135)
	at org.eclipse.jface.operation.ModalContext$ModalContextThread.run(ModalContext.java:119)
15:06:39 ERROR : (XSDB Server)ERROR: [Hsi 55-1545] Problem running tcl command ::sw_axi_clk_wiz::generate : can't read "clkk": no such variable
    while executing
"switch $clkk {
			"FCLK_CLK0" {
					set fclk_clk0 "clkc 15"
					set clocks [lappend clocks $fclk_clk0]
			}
			"FCLK_CLK1" {
					set fclk_clk1 "clk..."
    ("foreach" body line 11)
    invoked from within
"foreach clk $clk_pins {
		set ip [get_cells -hier $drv_handle]
		set pins [get_pins -of_objects [get_nets -of_objects [get_pins -of_objects $ip $clk]]..."
    (procedure "update_zynq_clk_wiz_node" line 6)
    invoked from within
"update_zynq_clk_wiz_node $drv_handle "clk_in1 s_axi_aclk""
    (procedure "::sw_axi_clk_wiz::generate" line 31)
    invoked from within
"::sw_axi_clk_wiz::generate video_out_clk_wiz_1"

15:06:39 ERROR : (XSDB Server)ERROR: [Hsi 55-1442] Error(s) while running TCL procedure generate()

15:06:39 ERROR : (XSDB Server)ERROR: [Hsi 55-1450] Error: running generate_bsp.

15:06:39 ERROR : Error generating bsp sources: Failed in generating sources
15:06:39 ERROR : Failed to generate sources for BSP project device_tree_bsp_0
org.eclipse.core.runtime.CoreException: Internal error occurred while generating bsp sources. Please check the SDK Log view for further details.
	at com.xilinx.sdk.sw.ui.handlers.RegenBspSourcesHandler.internalGenerateBsp(RegenBspSourcesHandler.java:178)
	at com.xilinx.sdk.sw.ui.handlers.RegenBspSourcesHandler.access$2(RegenBspSourcesHandler.java:163)
	at com.xilinx.sdk.sw.ui.handlers.RegenBspSourcesHandler$1$1.run(RegenBspSourcesHandler.java:131)
	at org.eclipse.core.internal.resources.Workspace.run(Workspace.java:2240)
	at org.eclipse.core.internal.resources.Workspace.run(Workspace.java:2267)
	at com.xilinx.sdk.sw.ui.handlers.RegenBspSourcesHandler$1.run(RegenBspSourcesHandler.java:135)
	at org.eclipse.jface.operation.ModalContext$ModalContextThread.run(ModalContext.java:119)
15:27:40 INFO  : Registering command handlers for SDK TCF services
15:27:42 INFO  : Launching XSCT server: xsct.bat -interactive E:\Ant_HDMI_AudioPWM\Ant_HDMI_AudioPWM.sdk\temp_xsdb_launch_script.tcl
15:27:50 INFO  : XSCT server has started successfully.
15:27:50 INFO  : Successfully done setting XSCT server connection channel  
15:28:04 INFO  : Successfully done setting SDK workspace  
15:28:04 INFO  : Restoring local repository preferences: 
		 E:\device-tree-xlnx
15:28:05 INFO  : Processing command line option -hwspec E:/Ant_HDMI_AudioPWM/Ant_HDMI_AudioPWM.sdk/zsys_wrapper.hdf.
15:31:13 INFO  : Refreshed build settings on project FSBL
15:32:57 INFO  : Saving repository preferences.
15:33:47 ERROR : (XSDB Server)ERROR: [Hsi 55-1545] Problem running tcl command ::sw_axi_clk_wiz::generate : can't read "clkk": no such variable
    while executing
"switch $clkk {
			"FCLK_CLK0" {
					set fclk_clk0 "clkc 15"
					set clocks [lappend clocks $fclk_clk0]
			}
			"FCLK_CLK1" {
					set fclk_clk1 "clk..."
    ("foreach" body line 11)
    invoked from within
"foreach clk $clk_pins {
		set ip [get_cells -hier $drv_handle]
		set pins [get_pins -of_objects [get_nets -of_objects [get_pins -of_objects $ip $clk]]..."
    (procedure "update_zynq_clk_wiz_node" line 6)
    invoked from within
"update_zynq_clk_wiz_node $drv_handle "clk_in1 s_axi_aclk""
    (procedure "::sw_axi_clk_wiz::generate" line 31)
    invoked from within
"::sw_axi_clk_wiz::generate video_out_clk_wiz_1"
ERROR: [Hsi 55-1442] Error(s) while running TCL procedure generate()

15:33:47 ERROR : (XSDB Server)ERROR: [Hsi 55-1450] Error: running generate_bsp.

15:33:47 ERROR : Error generating bsp sources: Failed in generating sources
15:33:47 ERROR : Failed to generate sources for BSP project device_tree_bsp_0
org.eclipse.core.runtime.CoreException: Internal error occurred while generating bsp sources. Please check the SDK Log view for further details.
	at com.xilinx.sdk.sw.ui.handlers.RegenBspSourcesHandler.internalGenerateBsp(RegenBspSourcesHandler.java:178)
	at com.xilinx.sdk.sw.ui.handlers.RegenBspSourcesHandler.access$2(RegenBspSourcesHandler.java:163)
	at com.xilinx.sdk.sw.ui.handlers.RegenBspSourcesHandler$1$1.run(RegenBspSourcesHandler.java:131)
	at org.eclipse.core.internal.resources.Workspace.run(Workspace.java:2240)
	at org.eclipse.core.internal.resources.Workspace.run(Workspace.java:2267)
	at com.xilinx.sdk.sw.ui.handlers.RegenBspSourcesHandler$1.run(RegenBspSourcesHandler.java:135)
	at org.eclipse.jface.operation.ModalContext$ModalContextThread.run(ModalContext.java:119)
15:34:35 INFO  : No changes in MSS file content so not generating sources.
15:34:44 ERROR : (XSDB Server)ERROR: [Hsi 55-1545] Problem running tcl command ::sw_axi_clk_wiz::generate : can't read "clkk": no such variable
    while executing
"switch $clkk {
			"FCLK_CLK0" {
					set fclk_clk0 "clkc 15"
					set clocks [lappend clocks $fclk_clk0]
			}
			"FCLK_CLK1" {
					set fclk_clk1 "clk..."
    ("foreach" body line 11)
    invoked from within
"foreach clk $clk_pins {
		set ip [get_cells -hier $drv_handle]
		set pins [get_pins -of_objects [get_nets -of_objects [get_pins -of_objects $ip $clk]]..."
    (procedure "update_zynq_clk_wiz_node" line 6)
    invoked from within
"update_zynq_clk_wiz_node $drv_handle "clk_in1 s_axi_aclk""
    (procedure "::sw_axi_clk_wiz::generate" line 31)
    invoked from within
"::sw_axi_clk_wiz::generate video_out_clk_wiz_1"

15:34:44 ERROR : (XSDB Server)ERROR: [Hsi 55-1442] Error(s) while running TCL procedure generate()

15:34:44 ERROR : (XSDB Server)ERROR: [Hsi 55-1450] Error: running generate_bsp.

15:34:44 ERROR : Error generating bsp sources: Failed in generating sources
15:34:44 ERROR : Failed to regenerate sources for BSP project device_tree_bsp_0
org.eclipse.core.runtime.CoreException: Internal error occurred while generating bsp sources. Please check the SDK Log view for further details.
	at com.xilinx.sdk.sw.ui.handlers.RegenBspSourcesHandler.internalGenerateBsp(RegenBspSourcesHandler.java:178)
	at com.xilinx.sdk.sw.ui.handlers.RegenBspSourcesHandler.access$2(RegenBspSourcesHandler.java:163)
	at com.xilinx.sdk.sw.ui.handlers.RegenBspSourcesHandler$1$1.run(RegenBspSourcesHandler.java:131)
	at org.eclipse.core.internal.resources.Workspace.run(Workspace.java:2240)
	at org.eclipse.core.internal.resources.Workspace.run(Workspace.java:2267)
	at com.xilinx.sdk.sw.ui.handlers.RegenBspSourcesHandler$1.run(RegenBspSourcesHandler.java:135)
	at org.eclipse.jface.operation.ModalContext$ModalContextThread.run(ModalContext.java:119)
15:35:37 INFO  : Saving repository preferences.
15:35:37 INFO  : Reading in cores from local repositories: 
		 E:\device-tree
15:35:38 INFO  : Cleaning BSP projects in the workspace.
15:35:47 INFO  : Saving repository preferences.
15:37:02 ERROR : (XSDB Server)ERROR: [Common 17-170] Unknown option '-nocase', please type 'get_cells -help' for usage info.

15:37:02 ERROR : (XSDB Server)ERROR: [Hsi 55-1545] Problem running tcl command ::sw_ddrps::generate : ERROR: [Common 17-170] Unknown option '-nocase', please type 'get_cells -help' for usage info.

    while executing
"get_cells -hier -nocase $main_memory"
    (procedure "add_memory_node" line 15)
    invoked from within
"add_memory_node $drv_handle"
    (procedure "::sw_ddrps::generate" line 12)
    invoked from within
"::sw_ddrps::generate ps7_ddr_0"
ERROR: [Hsi 55-1442] Error(s) while running TCL procedure generate()

15:37:02 ERROR : (XSDB Server)ERROR: [Hsi 55-1450] Error: running generate_bsp.

15:37:02 ERROR : Error generating bsp sources: Failed in generating sources
15:37:02 ERROR : Failed to regenerate sources for BSP project device_tree_bsp_0
org.eclipse.core.runtime.CoreException: Internal error occurred while generating bsp sources. Please check the SDK Log view for further details.
	at com.xilinx.sdk.sw.ui.handlers.RegenBspSourcesHandler.internalGenerateBsp(RegenBspSourcesHandler.java:178)
	at com.xilinx.sdk.sw.ui.handlers.RegenBspSourcesHandler.access$2(RegenBspSourcesHandler.java:163)
	at com.xilinx.sdk.sw.ui.handlers.RegenBspSourcesHandler$1$1.run(RegenBspSourcesHandler.java:131)
	at org.eclipse.core.internal.resources.Workspace.run(Workspace.java:2240)
	at org.eclipse.core.internal.resources.Workspace.run(Workspace.java:2267)
	at com.xilinx.sdk.sw.ui.handlers.RegenBspSourcesHandler$1.run(RegenBspSourcesHandler.java:135)
	at org.eclipse.jface.operation.ModalContext$ModalContextThread.run(ModalContext.java:119)
15:38:08 ERROR : (XSDB Server)ERROR: [Common 17-170] Unknown option '-nocase', please type 'get_cells -help' for usage info.

15:38:08 ERROR : (XSDB Server)ERROR: [Hsi 55-1545] Problem running tcl command ::sw_ddrps::generate : ERROR: [Common 17-170] Unknown option '-nocase', please type 'get_cells -help' for usage info.

    while executing
"get_cells -hier -nocase $main_memory"
    (procedure "add_memory_node" line 15)
    invoked from within
"add_memory_node $drv_handle"
    (procedure "::sw_ddrps::generate" line 12)
    invoked from within
"::sw_ddrps::generate ps7_ddr_0"
ERROR: [Hsi 55-1442] Error(s) while running TCL procedure generate()

15:38:08 ERROR : (XSDB Server)ERROR: [Hsi 55-1450] Error: running generate_bsp.

15:38:08 ERROR : Error generating bsp sources: Failed in generating sources
15:38:08 ERROR : Failed to generate sources for BSP project device_tree_bsp_0
org.eclipse.core.runtime.CoreException: Internal error occurred while generating bsp sources. Please check the SDK Log view for further details.
	at com.xilinx.sdk.sw.ui.handlers.RegenBspSourcesHandler.internalGenerateBsp(RegenBspSourcesHandler.java:178)
	at com.xilinx.sdk.sw.ui.handlers.RegenBspSourcesHandler.access$2(RegenBspSourcesHandler.java:163)
	at com.xilinx.sdk.sw.ui.handlers.RegenBspSourcesHandler$1$1.run(RegenBspSourcesHandler.java:131)
	at org.eclipse.core.internal.resources.Workspace.run(Workspace.java:2240)
	at org.eclipse.core.internal.resources.Workspace.run(Workspace.java:2267)
	at com.xilinx.sdk.sw.ui.handlers.RegenBspSourcesHandler$1.run(RegenBspSourcesHandler.java:135)
	at org.eclipse.jface.operation.ModalContext$ModalContextThread.run(ModalContext.java:119)
15:38:29 INFO  : Saving repository preferences.
15:38:29 INFO  : Cleaning BSP projects in the workspace.
15:39:31 INFO  : Saving repository preferences.
15:39:31 INFO  : Reading in cores from local repositories: 
		 E:\device-tree-xlnx-xlnx_rel_v2023.2
15:39:32 INFO  : Cleaning BSP projects in the workspace.
15:41:03 INFO  : Saving repository preferences.
15:41:03 INFO  : Reading in cores from local repositories: 
		 E:\device-tree-xlnx
		 E:\device-tree-xlnx-xlnx_rel_v2023.2
15:41:03 INFO  : Cleaning BSP projects in the workspace.
15:42:11 INFO  : Saving repository preferences.
15:42:54 ERROR : (XSDB Server)ERROR: [Hsi 55-1545] Problem running tcl command ::sw_cpu_cortexa9::generate : Unable to find the dts file E:/device-tree-xlnx/device_tree/data/kernel_dtsi/2023.2/zynq/zynq-7000.dtsi
    while executing
"error "Unable to find the dts file $kernel_dtsi""
    (procedure "create_dt_tree_from_dts_file" line 17)
    invoked from within
"create_dt_tree_from_dts_file"
    (procedure "gen_root_node" line 7)
    invoked from within
"gen_root_node $drv_handle"
    (procedure "::sw_cpu_cortexa9::generate" line 14)
    invoked from within
"::sw_cpu_cortexa9::generate ps7_cortexa9_0"

15:42:54 ERROR : (XSDB Server)ERROR: [Hsi 55-1442] Error(s) while running TCL procedure generate()

15:42:54 ERROR : (XSDB Server)ERROR: [Hsi 55-1450] Error: running generate_bsp.

15:42:54 ERROR : Error generating bsp sources: Failed in generating sources
15:42:54 ERROR : Failed to generate sources for BSP project device_tree_bsp_0
org.eclipse.core.runtime.CoreException: Internal error occurred while generating bsp sources. Please check the SDK Log view for further details.
	at com.xilinx.sdk.sw.ui.handlers.RegenBspSourcesHandler.internalGenerateBsp(RegenBspSourcesHandler.java:178)
	at com.xilinx.sdk.sw.ui.handlers.RegenBspSourcesHandler.access$2(RegenBspSourcesHandler.java:163)
	at com.xilinx.sdk.sw.ui.handlers.RegenBspSourcesHandler$1$1.run(RegenBspSourcesHandler.java:131)
	at org.eclipse.core.internal.resources.Workspace.run(Workspace.java:2240)
	at org.eclipse.core.internal.resources.Workspace.run(Workspace.java:2267)
	at com.xilinx.sdk.sw.ui.handlers.RegenBspSourcesHandler$1.run(RegenBspSourcesHandler.java:135)
	at org.eclipse.jface.operation.ModalContext$ModalContextThread.run(ModalContext.java:119)
15:43:40 ERROR : (XSDB Server)ERROR: [Hsi 55-1545] Problem running tcl command ::sw_cpu_cortexa9::generate : Unable to find the dts file E:/device-tree-xlnx/device_tree/data/kernel_dtsi/2023.2/zynq/zynq-7000.dtsi
    while executing
"error "Unable to find the dts file $kernel_dtsi""
    (procedure "create_dt_tree_from_dts_file" line 17)
    invoked from within
"create_dt_tree_from_dts_file"
    (procedure "gen_root_node" line 7)
    invoked from within
"gen_root_node $drv_handle"
    (procedure "::sw_cpu_cortexa9::generate" line 14)
    invoked from within
"::sw_cpu_cortexa9::generate ps7_cortexa9_0"

15:43:40 ERROR : (XSDB Server)ERROR: [Hsi 55-1442] Error(s) while running TCL procedure generate()

15:43:40 ERROR : (XSDB Server)ERROR: [Hsi 55-1450] Error: running generate_bsp.

15:43:40 ERROR : Error generating bsp sources: Failed in generating sources
15:43:40 ERROR : Failed to regenerate sources for BSP project device_tree_bsp_0
org.eclipse.core.runtime.CoreException: Internal error occurred while generating bsp sources. Please check the SDK Log view for further details.
	at com.xilinx.sdk.sw.ui.handlers.RegenBspSourcesHandler.internalGenerateBsp(RegenBspSourcesHandler.java:178)
	at com.xilinx.sdk.sw.ui.handlers.RegenBspSourcesHandler.access$2(RegenBspSourcesHandler.java:163)
	at com.xilinx.sdk.sw.ui.handlers.RegenBspSourcesHandler$1$1.run(RegenBspSourcesHandler.java:131)
	at org.eclipse.core.internal.resources.Workspace.run(Workspace.java:2240)
	at org.eclipse.core.internal.resources.Workspace.run(Workspace.java:2267)
	at com.xilinx.sdk.sw.ui.handlers.RegenBspSourcesHandler$1.run(RegenBspSourcesHandler.java:135)
	at org.eclipse.jface.operation.ModalContext$ModalContextThread.run(ModalContext.java:119)
15:44:01 INFO  : Saving repository preferences.
15:44:02 INFO  : Reading in cores from local repositories: 
		 E:\device-tree-xlnx-xlnx_rel_v2023.2
		 E:\device-tree-xlnx
15:44:02 INFO  : Cleaning BSP projects in the workspace.
15:45:10 INFO  : Saving repository preferences.
15:45:28 ERROR : (XSDB Server)ERROR: [Hsi 55-1545] Problem running tcl command ::sw_device_tree::generate : expected boolean value but got ""
    while executing
"if {[is_pl_ip $drv_handle] && $remove_pl} {
		return 0
	}"
    (procedure "gen_peripheral_nodes" line 7)
    invoked from within
"gen_peripheral_nodes $drv_handle "create_node_only""
    ("foreach" body line 3)
    invoked from within
"foreach drv_handle [get_drivers] {
        # generate the default properties
        gen_peripheral_nodes $drv_handle "create_node_only"
        gen_r..."
    (procedure "::sw_device_tree::generate" line 3)
    invoked from within
"::sw_device_tree::generate device_tree"

15:45:28 ERROR : (XSDB Server)ERROR: [Hsi 55-1442] Error(s) while running TCL procedure generate()

15:45:28 ERROR : (XSDB Server)ERROR: [Hsi 55-1450] Error: running generate_bsp.

15:45:28 ERROR : Error generating bsp sources: Failed in generating sources
15:45:28 ERROR : Failed to regenerate sources for BSP project device_tree_bsp_0
org.eclipse.core.runtime.CoreException: Internal error occurred while generating bsp sources. Please check the SDK Log view for further details.
	at com.xilinx.sdk.sw.ui.handlers.RegenBspSourcesHandler.internalGenerateBsp(RegenBspSourcesHandler.java:178)
	at com.xilinx.sdk.sw.ui.handlers.RegenBspSourcesHandler.access$2(RegenBspSourcesHandler.java:163)
	at com.xilinx.sdk.sw.ui.handlers.RegenBspSourcesHandler$1$1.run(RegenBspSourcesHandler.java:131)
	at org.eclipse.core.internal.resources.Workspace.run(Workspace.java:2240)
	at org.eclipse.core.internal.resources.Workspace.run(Workspace.java:2267)
	at com.xilinx.sdk.sw.ui.handlers.RegenBspSourcesHandler$1.run(RegenBspSourcesHandler.java:135)
	at org.eclipse.jface.operation.ModalContext$ModalContextThread.run(ModalContext.java:119)
15:46:30 ERROR : (XSDB Server)ERROR: [Hsi 55-1545] Problem running tcl command ::sw_device_tree::generate : expected boolean value but got ""
    while executing
"if {[is_pl_ip $drv_handle] && $remove_pl} {
		return 0
	}"
    (procedure "gen_peripheral_nodes" line 7)
    invoked from within
"gen_peripheral_nodes $drv_handle "create_node_only""
    ("foreach" body line 3)
    invoked from within
"foreach drv_handle [get_drivers] {
        # generate the default properties
        gen_peripheral_nodes $drv_handle "create_node_only"
        gen_r..."
    (procedure "::sw_device_tree::generate" line 3)
    invoked from within
"::sw_device_tree::generate device_tree"

15:46:30 ERROR : (XSDB Server)ERROR: [Hsi 55-1442] Error(s) while running TCL procedure generate()

15:46:30 ERROR : (XSDB Server)ERROR: [Hsi 55-1450] Error: running generate_bsp.

15:46:30 ERROR : Error generating bsp sources: Failed in generating sources
15:46:30 ERROR : Failed to generate sources for BSP project device_tree_bsp_0
org.eclipse.core.runtime.CoreException: Internal error occurred while generating bsp sources. Please check the SDK Log view for further details.
	at com.xilinx.sdk.sw.ui.handlers.RegenBspSourcesHandler.internalGenerateBsp(RegenBspSourcesHandler.java:178)
	at com.xilinx.sdk.sw.ui.handlers.RegenBspSourcesHandler.access$2(RegenBspSourcesHandler.java:163)
	at com.xilinx.sdk.sw.ui.handlers.RegenBspSourcesHandler$1$1.run(RegenBspSourcesHandler.java:131)
	at org.eclipse.core.internal.resources.Workspace.run(Workspace.java:2240)
	at org.eclipse.core.internal.resources.Workspace.run(Workspace.java:2267)
	at com.xilinx.sdk.sw.ui.handlers.RegenBspSourcesHandler$1.run(RegenBspSourcesHandler.java:135)
	at org.eclipse.jface.operation.ModalContext$ModalContextThread.run(ModalContext.java:119)
15:51:53 INFO  : Saving repository preferences.
15:51:53 ERROR : (XSDB Server)ERROR: [Hsi 55-1550] Repository Directory E:/device-tree-xlnx doesn't exist in the disk

15:51:53 ERROR : Unable to remove repository E:\device-tree-xlnx-xlnx_rel_v2023.2.
15:51:53 INFO  : Cleaning BSP projects in the workspace.
15:53:18 INFO  : Saving repository preferences.
15:53:18 INFO  : Reading in cores from local repositories: 
		 E:\device-tree-xlnx-master
15:53:19 INFO  : Cleaning BSP projects in the workspace.
15:54:28 INFO  : Saving repository preferences.
15:54:28 INFO  : Cleaning BSP projects in the workspace.
15:54:48 INFO  : Saving repository preferences.
15:55:12 ERROR : (XSDB Server)ERROR: [Hsi 55-1597] SwCore ddrcps is not found in Repositories

15:55:12 ERROR : (XSDB Server)ERROR: [Hsi 55-1594] Core ddrcps of version  not found in repositories
ERROR: [Hsi 55-1597] SwCore globaltimerps is not found in Repositories
ERROR: [Hsi 55-1594] Core globaltimerps of version  not found in repositories
ERROR: [Hsi 55-1597] SwCore ocmcps is not found in Repositories
ERROR: [Hsi 55-1594] Core ocmcps of version  not found in repositories
ERROR: [Hsi 55-1597] SwCore pl310ps is not found in Repositories
ERROR: [Hsi 55-1594] Core pl310ps of version  not found in repositories
ERROR: [Hsi 55-1597] SwCore pmups is not found in Repositories
ERROR: [Hsi 55-1594] Core pmups of version  not found in repositories
ERROR: [Hsi 55-1597] SwCore ramps is not found in Repositories
ERROR: [Hsi 55-1594] Core ramps of version  not found in repositories
ERROR: [Hsi 55-1597] SwCore ramps is not found in Repositories
ERROR: [Hsi 55-1594] Core ramps of version  not found in repositories

15:55:12 ERROR : (XSDB Server)ERROR: [Hsi 55-1597] SwCore slcrps is not found in Repositories

15:55:12 ERROR : (XSDB Server)ERROR: [Hsi 55-1594] Core slcrps of version  not found in repositories

15:55:12 ERROR : (XSDB Server)ERROR: [Hsi 55-1597] SwCore smccps is not found in Repositories

15:55:12 ERROR : (XSDB Server)ERROR: [Hsi 55-1594] Core smccps of version  not found in repositories

15:55:12 ERROR : (XSDB Server)ERROR: [Hsi 55-1597] SwCore axi_vdma is not found in Repositories

15:55:12 ERROR : (XSDB Server)ERROR: [Hsi 55-1594] Core axi_vdma of version  not found in repositories

15:55:12 ERROR : (XSDB Server)ERROR: [Hsi 55-1597] SwCore axi_clk_wiz is not found in Repositories

15:55:12 ERROR : (XSDB Server)ERROR: [Hsi 55-1594] Core axi_clk_wiz of version  not found in repositories

15:55:12 ERROR : (XSDB Server)ERROR: [Hsi 55-1597] SwCore device_tree is not found in Repositories

15:55:12 ERROR : (XSDB Server)ERROR: [Hsi 55-1594] Core device_tree of version  not found in repositories

15:55:12 ERROR : (XSDB Server)ERROR: [Hsi 55-1452] Error: running open_sw_design.

15:55:12 ERROR :  [Common 17-39] 'hsi::open_sw_design' failed due to earlier errors.
15:55:12 ERROR : (XSDB Server)ERROR: [Hsi 55-1597] SwCore ddrcps is not found in Repositories

15:55:12 ERROR : (XSDB Server)ERROR: [Hsi 55-1594] Core ddrcps of version  not found in repositories

15:55:12 ERROR : (XSDB Server)ERROR: [Hsi 55-1597] SwCore globaltimerps is not found in Repositories

15:55:12 ERROR : (XSDB Server)ERROR: [Hsi 55-1594] Core globaltimerps of version  not found in repositories

15:55:12 ERROR : (XSDB Server)ERROR: [Hsi 55-1597] SwCore ocmcps is not found in Repositories

15:55:12 ERROR : (XSDB Server)ERROR: [Hsi 55-1594] Core ocmcps of version  not found in repositories

15:55:12 ERROR : (XSDB Server)ERROR: [Hsi 55-1597] SwCore pl310ps is not found in Repositories

15:55:12 ERROR : (XSDB Server)ERROR: [Hsi 55-1594] Core pl310ps of version  not found in repositories

15:55:12 ERROR : (XSDB Server)ERROR: [Hsi 55-1597] SwCore pmups is not found in Repositories

15:55:12 ERROR : (XSDB Server)ERROR: [Hsi 55-1594] Core pmups of version  not found in repositories

15:55:12 ERROR : (XSDB Server)ERROR: [Hsi 55-1597] SwCore ramps is not found in Repositories

15:55:12 ERROR : (XSDB Server)ERROR: [Hsi 55-1594] Core ramps of version  not found in repositories

15:55:12 ERROR : (XSDB Server)ERROR: [Hsi 55-1597] SwCore ramps is not found in Repositories

15:55:12 ERROR : (XSDB Server)ERROR: [Hsi 55-1594] Core ramps of version  not found in repositories

15:55:12 ERROR : (XSDB Server)ERROR: [Hsi 55-1597] SwCore slcrps is not found in Repositories

15:55:12 ERROR : (XSDB Server)ERROR: [Hsi 55-1594] Core slcrps of version  not found in repositories

15:55:12 ERROR : (XSDB Server)ERROR: [Hsi 55-1597] SwCore smccps is not found in Repositories

15:55:12 ERROR : (XSDB Server)ERROR: [Hsi 55-1594] Core smccps of version  not found in repositories

15:55:12 ERROR : (XSDB Server)ERROR: [Hsi 55-1597] SwCore axi_vdma is not found in Repositories

15:55:12 ERROR : (XSDB Server)ERROR: [Hsi 55-1594] Core axi_vdma of version  not found in repositories

15:55:12 ERROR : (XSDB Server)ERROR: [Hsi 55-1597] SwCore axi_clk_wiz is not found in Repositories

15:55:12 ERROR : (XSDB Server)ERROR: [Hsi 55-1594] Core axi_clk_wiz of version  not found in repositories

15:55:12 ERROR : (XSDB Server)ERROR: [Hsi 55-1597] SwCore device_tree is not found in Repositories

15:55:12 ERROR : (XSDB Server)ERROR: [Hsi 55-1594] Core device_tree of version  not found in repositories

15:55:12 ERROR : (XSDB Server)ERROR: [Hsi 55-1452] Error: running open_sw_design.

15:55:12 INFO  : Unable to read in MSS file E:\Ant_HDMI_AudioPWM\Ant_HDMI_AudioPWM.sdk\device_tree_bsp_0\system.mss : null
15:55:12 ERROR : (XSDB Server)ERROR: [Hsi 55-1597] SwCore ddrcps is not found in Repositories

15:55:12 ERROR : (XSDB Server)ERROR: [Hsi 55-1594] Core ddrcps of version  not found in repositories

15:55:12 ERROR : (XSDB Server)ERROR: [Hsi 55-1597] SwCore globaltimerps is not found in Repositories

15:55:12 ERROR : (XSDB Server)ERROR: [Hsi 55-1594] Core globaltimerps of version  not found in repositories

15:55:12 ERROR : (XSDB Server)ERROR: [Hsi 55-1597] SwCore ocmcps is not found in Repositories

15:55:12 ERROR : (XSDB Server)ERROR: [Hsi 55-1594] Core ocmcps of version  not found in repositories

15:55:12 ERROR : (XSDB Server)ERROR: [Hsi 55-1597] SwCore pl310ps is not found in Repositories

15:55:12 ERROR : (XSDB Server)ERROR: [Hsi 55-1594] Core pl310ps of version  not found in repositories

15:55:12 ERROR : (XSDB Server)ERROR: [Hsi 55-1597] SwCore pmups is not found in Repositories

15:55:12 ERROR : (XSDB Server)ERROR: [Hsi 55-1594] Core pmups of version  not found in repositories

15:55:12 ERROR : (XSDB Server)ERROR: [Hsi 55-1597] SwCore ramps is not found in Repositories

15:55:12 ERROR : (XSDB Server)ERROR: [Hsi 55-1594] Core ramps of version  not found in repositories

15:55:12 ERROR : (XSDB Server)ERROR: [Hsi 55-1597] SwCore ramps is not found in Repositories

15:55:12 ERROR : (XSDB Server)ERROR: [Hsi 55-1594] Core ramps of version  not found in repositories

15:55:12 ERROR : (XSDB Server)ERROR: [Hsi 55-1597] SwCore slcrps is not found in Repositories

15:55:12 ERROR : (XSDB Server)ERROR: [Hsi 55-1594] Core slcrps of version  not found in repositories

15:55:12 ERROR : (XSDB Server)ERROR: [Hsi 55-1597] SwCore smccps is not found in Repositories

15:55:12 ERROR : (XSDB Server)ERROR: [Hsi 55-1594] Core smccps of version  not found in repositories

15:55:12 ERROR : (XSDB Server)ERROR: [Hsi 55-1597] SwCore axi_vdma is not found in Repositories

15:55:12 ERROR : (XSDB Server)ERROR: [Hsi 55-1594] Core axi_vdma of version  not found in repositories

15:55:12 ERROR : (XSDB Server)ERROR: [Hsi 55-1597] SwCore axi_clk_wiz is not found in Repositories

15:55:12 ERROR : (XSDB Server)ERROR: [Hsi 55-1594] Core axi_clk_wiz of version  not found in repositories
ERROR: [Hsi 55-1597] SwCore device_tree is not found in Repositories

15:55:12 ERROR : (XSDB Server)ERROR: [Hsi 55-1594] Core device_tree of version  not found in repositories

15:55:12 ERROR : (XSDB Server)ERROR: [Hsi 55-1452] Error: running open_sw_design.

15:55:12 ERROR : (XSDB Server)ERROR: [Hsi 55-1597] SwCore ddrcps is not found in Repositories

15:55:12 ERROR : (XSDB Server)ERROR: [Hsi 55-1594] Core ddrcps of version  not found in repositories

15:55:12 ERROR : (XSDB Server)ERROR: [Hsi 55-1597] SwCore globaltimerps is not found in Repositories

15:55:12 ERROR : (XSDB Server)ERROR: [Hsi 55-1594] Core globaltimerps of version  not found in repositories

15:55:12 ERROR : (XSDB Server)ERROR: [Hsi 55-1597] SwCore ocmcps is not found in Repositories

15:55:12 ERROR : (XSDB Server)ERROR: [Hsi 55-1594] Core ocmcps of version  not found in repositories

15:55:12 ERROR : (XSDB Server)ERROR: [Hsi 55-1597] SwCore pl310ps is not found in Repositories

15:55:12 ERROR : (XSDB Server)ERROR: [Hsi 55-1594] Core pl310ps of version  not found in repositories

15:55:12 ERROR : (XSDB Server)ERROR: [Hsi 55-1597] SwCore pmups is not found in Repositories

15:55:12 ERROR : (XSDB Server)ERROR: [Hsi 55-1594] Core pmups of version  not found in repositories

15:55:12 ERROR : (XSDB Server)ERROR: [Hsi 55-1597] SwCore ramps is not found in Repositories

15:55:12 ERROR : (XSDB Server)ERROR: [Hsi 55-1594] Core ramps of version  not found in repositories

15:55:12 ERROR : (XSDB Server)ERROR: [Hsi 55-1597] SwCore ramps is not found in Repositories

15:55:12 ERROR : (XSDB Server)ERROR: [Hsi 55-1594] Core ramps of version  not found in repositories

15:55:12 ERROR : (XSDB Server)ERROR: [Hsi 55-1597] SwCore slcrps is not found in Repositories

15:55:12 ERROR : (XSDB Server)ERROR: [Hsi 55-1594] Core slcrps of version  not found in repositories

15:55:12 ERROR : (XSDB Server)ERROR: [Hsi 55-1597] SwCore smccps is not found in Repositories

15:55:12 ERROR : (XSDB Server)ERROR: [Hsi 55-1594] Core smccps of version  not found in repositories

15:55:12 ERROR : (XSDB Server)ERROR: [Hsi 55-1597] SwCore axi_vdma is not found in Repositories

15:55:12 ERROR : (XSDB Server)ERROR: [Hsi 55-1594] Core axi_vdma of version  not found in repositories

15:55:12 ERROR : (XSDB Server)ERROR: [Hsi 55-1597] SwCore axi_clk_wiz is not found in Repositories

15:55:12 ERROR : (XSDB Server)ERROR: [Hsi 55-1594] Core axi_clk_wiz of version  not found in repositories

15:55:12 ERROR : (XSDB Server)ERROR: [Hsi 55-1597] SwCore device_tree is not found in Repositories

15:55:12 ERROR : (XSDB Server)ERROR: [Hsi 55-1594] Core device_tree of version  not found in repositories

15:55:12 ERROR : (XSDB Server)ERROR: [Hsi 55-1452] Error: running open_sw_design.

15:55:12 ERROR : Failed to get_connected_periphs
Reason: ERROR: [Common 17-55] 'get_property' expects at least one object.
Resolution: If [get_<value>] was used to populate the object, check to make sure this command returns at least one valid object.

15:56:19 ERROR : (XSDB Server)ERROR: [Hsi 55-1597] SwCore ddrcps is not found in Repositories

15:56:19 ERROR : (XSDB Server)ERROR: [Hsi 55-1594] Core ddrcps of version  not found in repositories
ERROR: [Hsi 55-1597] SwCore globaltimerps is not found in Repositories
ERROR: [Hsi 55-1594] Core globaltimerps of version  not found in repositories

15:56:19 ERROR : (XSDB Server)ERROR: [Hsi 55-1597] SwCore ocmcps is not found in Repositories

15:56:19 ERROR : (XSDB Server)ERROR: [Hsi 55-1594] Core ocmcps of version  not found in repositories

15:56:19 ERROR : (XSDB Server)ERROR: [Hsi 55-1597] SwCore pl310ps is not found in Repositories

15:56:19 ERROR : (XSDB Server)ERROR: [Hsi 55-1594] Core pl310ps of version  not found in repositories

15:56:19 ERROR : (XSDB Server)ERROR: [Hsi 55-1597] SwCore pmups is not found in Repositories

15:56:19 ERROR : (XSDB Server)ERROR: [Hsi 55-1594] Core pmups of version  not found in repositories

15:56:19 ERROR : (XSDB Server)ERROR: [Hsi 55-1597] SwCore ramps is not found in Repositories

15:56:19 ERROR : (XSDB Server)ERROR: [Hsi 55-1594] Core ramps of version  not found in repositories

15:56:19 ERROR : (XSDB Server)ERROR: [Hsi 55-1597] SwCore ramps is not found in Repositories

15:56:19 ERROR : (XSDB Server)ERROR: [Hsi 55-1594] Core ramps of version  not found in repositories

15:56:19 ERROR : (XSDB Server)ERROR: [Hsi 55-1597] SwCore slcrps is not found in Repositories

15:56:19 ERROR : (XSDB Server)ERROR: [Hsi 55-1594] Core slcrps of version  not found in repositories

15:56:19 ERROR : (XSDB Server)ERROR: [Hsi 55-1597] SwCore smccps is not found in Repositories

15:56:19 ERROR : (XSDB Server)ERROR: [Hsi 55-1594] Core smccps of version  not found in repositories

15:56:19 ERROR : (XSDB Server)ERROR: [Hsi 55-1597] SwCore axi_vdma is not found in Repositories

15:56:19 ERROR : (XSDB Server)ERROR: [Hsi 55-1594] Core axi_vdma of version  not found in repositories

15:56:19 ERROR : (XSDB Server)ERROR: [Hsi 55-1597] SwCore axi_clk_wiz is not found in Repositories

15:56:19 ERROR : (XSDB Server)ERROR: [Hsi 55-1594] Core axi_clk_wiz of version  not found in repositories

15:56:19 ERROR : (XSDB Server)ERROR: [Hsi 55-1597] SwCore device_tree is not found in Repositories

15:56:19 ERROR : (XSDB Server)ERROR: [Hsi 55-1594] Core device_tree of version  not found in repositories

15:56:19 ERROR : (XSDB Server)ERROR: [Hsi 55-1452] Error: running open_sw_design.

15:56:19 ERROR :  [Common 17-39] 'hsi::open_sw_design' failed due to earlier errors.
15:56:19 ERROR : (XSDB Server)ERROR: [Hsi 55-1597] SwCore ddrcps is not found in Repositories

15:56:19 ERROR : (XSDB Server)ERROR: [Hsi 55-1594] Core ddrcps of version  not found in repositories

15:56:19 ERROR : (XSDB Server)ERROR: [Hsi 55-1597] SwCore globaltimerps is not found in Repositories

15:56:19 ERROR : (XSDB Server)ERROR: [Hsi 55-1594] Core globaltimerps of version  not found in repositories

15:56:19 ERROR : (XSDB Server)ERROR: [Hsi 55-1597] SwCore ocmcps is not found in Repositories

15:56:19 ERROR : (XSDB Server)ERROR: [Hsi 55-1594] Core ocmcps of version  not found in repositories

15:56:19 ERROR : (XSDB Server)ERROR: [Hsi 55-1597] SwCore pl310ps is not found in Repositories

15:56:19 ERROR : (XSDB Server)ERROR: [Hsi 55-1594] Core pl310ps of version  not found in repositories

15:56:19 ERROR : (XSDB Server)ERROR: [Hsi 55-1597] SwCore pmups is not found in Repositories

15:56:19 ERROR : (XSDB Server)ERROR: [Hsi 55-1594] Core pmups of version  not found in repositories

15:56:19 ERROR : (XSDB Server)ERROR: [Hsi 55-1597] SwCore ramps is not found in Repositories

15:56:19 ERROR : (XSDB Server)ERROR: [Hsi 55-1594] Core ramps of version  not found in repositories

15:56:19 ERROR : (XSDB Server)ERROR: [Hsi 55-1597] SwCore ramps is not found in Repositories

15:56:19 ERROR : (XSDB Server)ERROR: [Hsi 55-1594] Core ramps of version  not found in repositories

15:56:19 ERROR : (XSDB Server)ERROR: [Hsi 55-1597] SwCore slcrps is not found in Repositories

15:56:19 ERROR : (XSDB Server)ERROR: [Hsi 55-1594] Core slcrps of version  not found in repositories

15:56:19 ERROR : (XSDB Server)ERROR: [Hsi 55-1597] SwCore smccps is not found in Repositories

15:56:19 ERROR : (XSDB Server)ERROR: [Hsi 55-1594] Core smccps of version  not found in repositories

15:56:19 ERROR : (XSDB Server)ERROR: [Hsi 55-1597] SwCore axi_vdma is not found in Repositories

15:56:19 ERROR : (XSDB Server)ERROR: [Hsi 55-1594] Core axi_vdma of version  not found in repositories

15:56:19 ERROR : (XSDB Server)ERROR: [Hsi 55-1597] SwCore axi_clk_wiz is not found in Repositories

15:56:19 ERROR : (XSDB Server)ERROR: [Hsi 55-1594] Core axi_clk_wiz of version  not found in repositories

15:56:19 ERROR : (XSDB Server)ERROR: [Hsi 55-1597] SwCore device_tree is not found in Repositories

15:56:19 ERROR : (XSDB Server)ERROR: [Hsi 55-1594] Core device_tree of version  not found in repositories

15:56:19 ERROR : (XSDB Server)ERROR: [Hsi 55-1452] Error: running open_sw_design.

15:56:19 INFO  : Unable to read in MSS file E:\Ant_HDMI_AudioPWM\Ant_HDMI_AudioPWM.sdk\device_tree_bsp_0\system.mss : null
15:56:19 ERROR : Failed to closesw "E:/Ant_HDMI_AudioPWM/Ant_HDMI_AudioPWM.sdk/device_tree_bsp_0/system.mss"
Reason: Cannot close sw design 'E:/Ant_HDMI_AudioPWM/Ant_HDMI_AudioPWM.sdk/device_tree_bsp_0/system.mss'.
Design is not opened in the current session.


16:00:48 INFO  : Saving repository preferences.
16:00:48 INFO  : Reading in cores from global repositories: 
		 E:\device-tree-xlnx-master
16:00:48 INFO  : Reading in cores from local repositories: 
		 E:\device-tree-xlnx-master
16:00:48 INFO  : Cleaning BSP projects in the workspace.
16:01:53 INFO  : Saving repository preferences.
16:02:38 ERROR : (XSDB Server)ERROR: [Common 17-170] Unknown option '-nocase', please type 'get_cells -help' for usage info.

16:02:38 ERROR : (XSDB Server)ERROR: [Hsi 55-1545] Problem running tcl command ::sw_ddrps::generate : ERROR: [Common 17-170] Unknown option '-nocase', please type 'get_cells -help' for usage info.

    while executing
"get_cells -hier -nocase $main_memory"
    (procedure "add_memory_node" line 15)
    invoked from within
"add_memory_node $drv_handle"
    (procedure "::sw_ddrps::generate" line 12)
    invoked from within
"::sw_ddrps::generate ps7_ddr_0"
ERROR: [Hsi 55-1442] Error(s) while running TCL procedure generate()

16:02:38 ERROR : (XSDB Server)ERROR: [Hsi 55-1450] Error: running generate_bsp.

16:02:38 ERROR : Error generating bsp sources: Failed in generating sources
16:02:38 ERROR : Failed to generate sources for BSP project device_tree_bsp_0
org.eclipse.core.runtime.CoreException: Internal error occurred while generating bsp sources. Please check the SDK Log view for further details.
	at com.xilinx.sdk.sw.ui.handlers.RegenBspSourcesHandler.internalGenerateBsp(RegenBspSourcesHandler.java:178)
	at com.xilinx.sdk.sw.ui.handlers.RegenBspSourcesHandler.access$2(RegenBspSourcesHandler.java:163)
	at com.xilinx.sdk.sw.ui.handlers.RegenBspSourcesHandler$1$1.run(RegenBspSourcesHandler.java:131)
	at org.eclipse.core.internal.resources.Workspace.run(Workspace.java:2240)
	at org.eclipse.core.internal.resources.Workspace.run(Workspace.java:2267)
	at com.xilinx.sdk.sw.ui.handlers.RegenBspSourcesHandler$1.run(RegenBspSourcesHandler.java:135)
	at org.eclipse.jface.operation.ModalContext$ModalContextThread.run(ModalContext.java:119)
16:19:25 INFO  : Launching XSCT server: xsct.bat -interactive E:\Ant_HDMI_AudioPWM\Ant_HDMI_AudioPWM.sdk\temp_xsdb_launch_script.tcl
16:19:28 INFO  : XSCT server has started successfully.
16:19:34 INFO  : Successfully done setting XSCT server connection channel  
16:19:34 INFO  : Successfully done setting SDK workspace  
16:19:37 INFO  : Registering command handlers for SDK TCF services
16:19:39 INFO  : Restoring global repository preferences: 
		 E:\device-tree-xlnx-master
16:19:40 INFO  : Restoring local repository preferences: 
		 E:\device-tree-xlnx-master
16:19:40 INFO  : Processing command line option -hwspec E:/Ant_HDMI_AudioPWM/Ant_HDMI_AudioPWM.sdk/zsys_wrapper.hdf.
16:19:40 INFO  : Checking for hwspec changes in the project zsys_wrapper_hw_platform_0.
16:21:42 INFO  : Saving repository preferences.
16:21:42 INFO  : Cleaning BSP projects in the workspace.
16:25:22 INFO  : Saving repository preferences.
16:25:22 INFO  : Reading in cores from global repositories: 
		 E:\device-tree-xlnx
16:25:22 INFO  : Reading in cores from local repositories: 
		 E:\device-tree-xlnx
16:25:22 INFO  : Cleaning BSP projects in the workspace.
16:27:46 INFO  : Saving repository preferences.
16:27:50 INFO  : Saving repository preferences.
16:28:26 ERROR : (XSDB Server)ERROR: [Hsi 55-1545] Problem running tcl command ::sw_axi_clk_wiz::generate : can't read "clkk": no such variable
    while executing
"switch $clkk {
			"FCLK_CLK0" {
					set fclk_clk0 "clkc 15"
					set clocks [lappend clocks $fclk_clk0]
			}
			"FCLK_CLK1" {
					set fclk_clk1 "clk..."
    ("foreach" body line 11)
    invoked from within
"foreach clk $clk_pins {
		set ip [get_cells -hier $drv_handle]
		set pins [get_pins -of_objects [get_nets -of_objects [get_pins -of_objects $ip $clk]]..."
    (procedure "update_zynq_clk_wiz_node" line 6)
    invoked from within
"update_zynq_clk_wiz_node $drv_handle "clk_in1 s_axi_aclk""
    (procedure "::sw_axi_clk_wiz::generate" line 31)
    invoked from within
"::sw_axi_clk_wiz::generate video_out_clk_wiz_1"
ERROR: [Hsi 55-1442] Error(s) while running TCL procedure generate()

16:28:26 ERROR : (XSDB Server)ERROR: [Hsi 55-1450] Error: running generate_bsp.

16:28:26 ERROR : Error generating bsp sources: Failed in generating sources
16:28:26 ERROR : Failed to generate sources for BSP project device_tree_bsp_0
org.eclipse.core.runtime.CoreException: Internal error occurred while generating bsp sources. Please check the SDK Log view for further details.
	at com.xilinx.sdk.sw.ui.handlers.RegenBspSourcesHandler.internalGenerateBsp(RegenBspSourcesHandler.java:178)
	at com.xilinx.sdk.sw.ui.handlers.RegenBspSourcesHandler.access$2(RegenBspSourcesHandler.java:163)
	at com.xilinx.sdk.sw.ui.handlers.RegenBspSourcesHandler$1$1.run(RegenBspSourcesHandler.java:131)
	at org.eclipse.core.internal.resources.Workspace.run(Workspace.java:2240)
	at org.eclipse.core.internal.resources.Workspace.run(Workspace.java:2267)
	at com.xilinx.sdk.sw.ui.handlers.RegenBspSourcesHandler$1.run(RegenBspSourcesHandler.java:135)
	at org.eclipse.jface.operation.ModalContext$ModalContextThread.run(ModalContext.java:119)
