INFO: [VRFC 10-2263] Analyzing Verilog file "D:/Zynq/Ant_HDMI_AudioPWM/Ant_HDMI_AudioPWM.ip_user_files/bd/zsys/ip/zsys_processing_system7_0_0/sim/zsys_processing_system7_0_0.v" into library xil_defaultlib
INFO: [VRFC 10-311] analyzing module zsys_processing_system7_0_0
INFO: [VRFC 10-2263] Analyzing Verilog file "D:/Zynq/Ant_HDMI_AudioPWM/Ant_HDMI_AudioPWM.ip_user_files/bd/zsys/ip/zsys_xlconcat_0_0/sim/zsys_xlconcat_0_0.v" into library xil_defaultlib
INFO: [VRFC 10-311] analyzing module zsys_xlconcat_0_0
INFO: [VRFC 10-2263] Analyzing Verilog file "D:/Zynq/Ant_HDMI_AudioPWM/Ant_HDMI_AudioPWM.ip_user_files/bd/zsys/ip/zsys_clk_wiz_1_0/zsys_clk_wiz_1_0_mmcm_pll_drp.v" into library xil_defaultlib
INFO: [VRFC 10-311] analyzing module zsys_clk_wiz_1_0_mmcm_drp
INFO: [VRFC 10-2263] Analyzing Verilog file "D:/Zynq/Ant_HDMI_AudioPWM/Ant_HDMI_AudioPWM.ip_user_files/bd/zsys/ip/zsys_clk_wiz_1_0/zsys_clk_wiz_1_0_clk_wiz.v" into library xil_defaultlib
INFO: [VRFC 10-311] analyzing module zsys_clk_wiz_1_0_clk_wiz
INFO: [VRFC 10-2263] Analyzing Verilog file "D:/Zynq/Ant_HDMI_AudioPWM/Ant_HDMI_AudioPWM.ip_user_files/bd/zsys/ip/zsys_clk_wiz_1_0/zsys_clk_wiz_1_0.v" into library xil_defaultlib
INFO: [VRFC 10-311] analyzing module zsys_clk_wiz_1_0
INFO: [VRFC 10-2263] Analyzing Verilog file "D:/Zynq/Ant_HDMI_AudioPWM/Ant_HDMI_AudioPWM.ip_user_files/bd/zsys/ip/zsys_v_axi4s_vid_out_0_0/sim/zsys_v_axi4s_vid_out_0_0.v" into library xil_defaultlib
INFO: [VRFC 10-311] analyzing module zsys_v_axi4s_vid_out_0_0
INFO: [VRFC 10-2263] Analyzing Verilog file "D:/Zynq/Ant_HDMI_AudioPWM/Ant_HDMI_AudioPWM.ip_user_files/bd/zsys/ip/zsys_xbar_0/sim/zsys_xbar_0.v" into library xil_defaultlib
INFO: [VRFC 10-311] analyzing module zsys_xbar_0
INFO: [VRFC 10-2263] Analyzing Verilog file "D:/Zynq/Ant_HDMI_AudioPWM/Ant_HDMI_AudioPWM.ip_user_files/bd/zsys/ip/zsys_clk_wiz_0_0/zsys_clk_wiz_0_0_clk_wiz.v" into library xil_defaultlib
INFO: [VRFC 10-311] analyzing module zsys_clk_wiz_0_0_clk_wiz
INFO: [VRFC 10-2263] Analyzing Verilog file "D:/Zynq/Ant_HDMI_AudioPWM/Ant_HDMI_AudioPWM.ip_user_files/bd/zsys/ip/zsys_clk_wiz_0_0/zsys_clk_wiz_0_0.v" into library xil_defaultlib
INFO: [VRFC 10-311] analyzing module zsys_clk_wiz_0_0
INFO: [VRFC 10-2263] Analyzing Verilog file "D:/Zynq/Ant_HDMI_AudioPWM/Ant_HDMI_AudioPWM.ip_user_files/bd/zsys/ip/zsys_auto_pc_4/sim/zsys_auto_pc_4.v" into library xil_defaultlib
INFO: [VRFC 10-311] analyzing module zsys_auto_pc_4
INFO: [VRFC 10-2263] Analyzing Verilog file "D:/Zynq/Ant_HDMI_AudioPWM/Ant_HDMI_AudioPWM.ip_user_files/bd/zsys/ip/zsys_auto_pc_3/sim/zsys_auto_pc_3.v" into library xil_defaultlib
INFO: [VRFC 10-311] analyzing module zsys_auto_pc_3
INFO: [VRFC 10-2263] Analyzing Verilog file "D:/Zynq/Ant_HDMI_AudioPWM/Ant_HDMI_AudioPWM.ip_user_files/bd/zsys/ip/zsys_auto_pc_2/sim/zsys_auto_pc_2.v" into library xil_defaultlib
INFO: [VRFC 10-311] analyzing module zsys_auto_pc_2
INFO: [VRFC 10-2263] Analyzing Verilog file "D:/Zynq/Ant_HDMI_AudioPWM/Ant_HDMI_AudioPWM.ip_user_files/bd/zsys/ip/zsys_auto_pc_1/sim/zsys_auto_pc_1.v" into library xil_defaultlib
INFO: [VRFC 10-311] analyzing module zsys_auto_pc_1
INFO: [VRFC 10-2263] Analyzing Verilog file "D:/Zynq/Ant_HDMI_AudioPWM/Ant_HDMI_AudioPWM.ip_user_files/bd/zsys/ip/zsys_auto_pc_5/sim/zsys_auto_pc_5.v" into library xil_defaultlib
INFO: [VRFC 10-311] analyzing module zsys_auto_pc_5
INFO: [VRFC 10-2263] Analyzing Verilog file "D:/Zynq/Ant_HDMI_AudioPWM/Ant_HDMI_AudioPWM.ip_user_files/bd/zsys/ip/zsys_auto_pc_0/sim/zsys_auto_pc_0.v" into library xil_defaultlib
INFO: [VRFC 10-311] analyzing module zsys_auto_pc_0
INFO: [VRFC 10-2263] Analyzing Verilog file "D:/Zynq/Ant_HDMI_AudioPWM/Ant_HDMI_AudioPWM.sim/sim_1/behav/xsim/glbl.v" into library xil_defaultlib
INFO: [VRFC 10-311] analyzing module glbl
INFO: [VRFC 10-163] Analyzing VHDL file "D:/Zynq/Ant_HDMI_AudioPWM/Ant_HDMI_AudioPWM.srcs/sources_1/bd/zsys/ipshared/be66/hdl/tmds_encoder.vhd" into library xil_defaultlib
INFO: [VRFC 10-307] analyzing entity tmds_encoder
INFO: [VRFC 10-163] Analyzing VHDL file "D:/Zynq/Ant_HDMI_AudioPWM/Ant_HDMI_AudioPWM.ip_user_files/bd/zsys/ipshared/be66/src/serdes_ddr.vhd" into library xil_defaultlib
INFO: [VRFC 10-307] analyzing entity serdes_ddr
INFO: [VRFC 10-163] Analyzing VHDL file "D:/Zynq/Ant_HDMI_AudioPWM/Ant_HDMI_AudioPWM.srcs/sources_1/bd/zsys/ipshared/be66/hdl/dvi_encoder.vhd" into library xil_defaultlib
INFO: [VRFC 10-307] analyzing entity dvi_encoder
INFO: [VRFC 10-163] Analyzing VHDL file "D:/Zynq/Ant_HDMI_AudioPWM/Ant_HDMI_AudioPWM.srcs/sources_1/bd/zsys/ipshared/be66/hdl/clock_system.vhd" into library xil_defaultlib
INFO: [VRFC 10-307] analyzing entity clock_system
INFO: [VRFC 10-163] Analyzing VHDL file "D:/Zynq/Ant_HDMI_AudioPWM/Ant_HDMI_AudioPWM.srcs/sources_1/bd/zsys/ipshared/be66/hdl/Video_IO_2_HDMI_TMDS_v1_0.vhd" into library xil_defaultlib
INFO: [VRFC 10-307] analyzing entity Video_IO_2_HDMI_TMDS_v1_0
INFO: [VRFC 10-163] Analyzing VHDL file "D:/Zynq/Ant_HDMI_AudioPWM/Ant_HDMI_AudioPWM.ip_user_files/bd/zsys/ip/zsys_Video_IO_2_HDMI_TMDS_0_0/sim/zsys_Video_IO_2_HDMI_TMDS_0_0.vhd" into library xil_defaultlib
INFO: [VRFC 10-307] analyzing entity zsys_Video_IO_2_HDMI_TMDS_0_0
INFO: [VRFC 10-163] Analyzing VHDL file "D:/Zynq/Ant_HDMI_AudioPWM/Ant_HDMI_AudioPWM.ip_user_files/bd/zsys/ip/zsys_axi_vdma_0_1/sim/zsys_axi_vdma_0_1.vhd" into library xil_defaultlib
INFO: [VRFC 10-307] analyzing entity zsys_axi_vdma_0_1
INFO: [VRFC 10-163] Analyzing VHDL file "D:/Zynq/Ant_HDMI_AudioPWM/Ant_HDMI_AudioPWM.ip_user_files/bd/zsys/ipshared/83c4/src/axis_fb_conv_v1_0.vhd" into library xil_defaultlib
INFO: [VRFC 10-307] analyzing entity axis_fb_conv_v1_0
INFO: [VRFC 10-163] Analyzing VHDL file "D:/Zynq/Ant_HDMI_AudioPWM/Ant_HDMI_AudioPWM.ip_user_files/bd/zsys/ip/zsys_axis_fb_conv_0_0/sim/zsys_axis_fb_conv_0_0.vhd" into library xil_defaultlib
INFO: [VRFC 10-307] analyzing entity zsys_axis_fb_conv_0_0
INFO: [VRFC 10-163] Analyzing VHDL file "D:/Zynq/Ant_HDMI_AudioPWM/Ant_HDMI_AudioPWM.ip_user_files/bd/zsys/ip/zsys_clk_wiz_1_0/proc_common_v3_00_a/hdl/src/vhdl/zsys_clk_wiz_1_0_conv_funs_pkg.vhd" into library xil_defaultlib
INFO: [VRFC 10-163] Analyzing VHDL file "D:/Zynq/Ant_HDMI_AudioPWM/Ant_HDMI_AudioPWM.ip_user_files/bd/zsys/ip/zsys_clk_wiz_1_0/proc_common_v3_00_a/hdl/src/vhdl/zsys_clk_wiz_1_0_proc_common_pkg.vhd" into library xil_defaultlib
INFO: [VRFC 10-163] Analyzing VHDL file "D:/Zynq/Ant_HDMI_AudioPWM/Ant_HDMI_AudioPWM.ip_user_files/bd/zsys/ip/zsys_clk_wiz_1_0/proc_common_v3_00_a/hdl/src/vhdl/zsys_clk_wiz_1_0_ipif_pkg.vhd" into library xil_defaultlib
INFO: [VRFC 10-163] Analyzing VHDL file "D:/Zynq/Ant_HDMI_AudioPWM/Ant_HDMI_AudioPWM.ip_user_files/bd/zsys/ip/zsys_clk_wiz_1_0/proc_common_v3_00_a/hdl/src/vhdl/zsys_clk_wiz_1_0_family_support.vhd" into library xil_defaultlib
INFO: [VRFC 10-163] Analyzing VHDL file "D:/Zynq/Ant_HDMI_AudioPWM/Ant_HDMI_AudioPWM.ip_user_files/bd/zsys/ip/zsys_clk_wiz_1_0/proc_common_v3_00_a/hdl/src/vhdl/zsys_clk_wiz_1_0_family.vhd" into library xil_defaultlib
INFO: [VRFC 10-163] Analyzing VHDL file "D:/Zynq/Ant_HDMI_AudioPWM/Ant_HDMI_AudioPWM.ip_user_files/bd/zsys/ip/zsys_clk_wiz_1_0/proc_common_v3_00_a/hdl/src/vhdl/zsys_clk_wiz_1_0_soft_reset.vhd" into library xil_defaultlib
INFO: [VRFC 10-307] analyzing entity zsys_clk_wiz_1_0_soft_reset
INFO: [VRFC 10-163] Analyzing VHDL file "D:/Zynq/Ant_HDMI_AudioPWM/Ant_HDMI_AudioPWM.ip_user_files/bd/zsys/ip/zsys_clk_wiz_1_0/proc_common_v3_00_a/hdl/src/vhdl/zsys_clk_wiz_1_0_pselect_f.vhd" into library xil_defaultlib
INFO: [VRFC 10-307] analyzing entity zsys_clk_wiz_1_0_pselect_f
INFO: [VRFC 10-163] Analyzing VHDL file "D:/Zynq/Ant_HDMI_AudioPWM/Ant_HDMI_AudioPWM.ip_user_files/bd/zsys/ip/zsys_clk_wiz_1_0/axi_lite_ipif_v1_01_a/hdl/src/vhdl/zsys_clk_wiz_1_0_address_decoder.vhd" into library xil_defaultlib
INFO: [VRFC 10-307] analyzing entity zsys_clk_wiz_1_0_address_decoder
INFO: [VRFC 10-163] Analyzing VHDL file "D:/Zynq/Ant_HDMI_AudioPWM/Ant_HDMI_AudioPWM.ip_user_files/bd/zsys/ip/zsys_clk_wiz_1_0/axi_lite_ipif_v1_01_a/hdl/src/vhdl/zsys_clk_wiz_1_0_slave_attachment.vhd" into library xil_defaultlib
INFO: [VRFC 10-307] analyzing entity zsys_clk_wiz_1_0_slave_attachment
INFO: [VRFC 10-163] Analyzing VHDL file "D:/Zynq/Ant_HDMI_AudioPWM/Ant_HDMI_AudioPWM.ip_user_files/bd/zsys/ip/zsys_clk_wiz_1_0/axi_lite_ipif_v1_01_a/hdl/src/vhdl/zsys_clk_wiz_1_0_axi_lite_ipif.vhd" into library xil_defaultlib
INFO: [VRFC 10-307] analyzing entity zsys_clk_wiz_1_0_axi_lite_ipif
INFO: [VRFC 10-163] Analyzing VHDL file "D:/Zynq/Ant_HDMI_AudioPWM/Ant_HDMI_AudioPWM.ip_user_files/bd/zsys/ip/zsys_clk_wiz_1_0/zsys_clk_wiz_1_0_clk_wiz_drp.vhd" into library xil_defaultlib
INFO: [VRFC 10-307] analyzing entity zsys_clk_wiz_1_0_clk_wiz_drp
INFO: [VRFC 10-163] Analyzing VHDL file "D:/Zynq/Ant_HDMI_AudioPWM/Ant_HDMI_AudioPWM.ip_user_files/bd/zsys/ip/zsys_clk_wiz_1_0/zsys_clk_wiz_1_0_axi_clk_config.vhd" into library xil_defaultlib
INFO: [VRFC 10-307] analyzing entity zsys_clk_wiz_1_0_axi_clk_config
INFO: [VRFC 10-163] Analyzing VHDL file "D:/Zynq/Ant_HDMI_AudioPWM/Ant_HDMI_AudioPWM.ip_user_files/bd/zsys/ip/zsys_v_tc_0_0/sim/zsys_v_tc_0_0.vhd" into library xil_defaultlib
INFO: [VRFC 10-307] analyzing entity zsys_v_tc_0_0
INFO: [VRFC 10-163] Analyzing VHDL file "D:/Zynq/Ant_HDMI_AudioPWM/Ant_HDMI_AudioPWM.ip_user_files/bd/zsys/ip/zsys_rst_processing_system7_0_50M_0/sim/zsys_rst_processing_system7_0_50M_0.vhd" into library xil_defaultlib
INFO: [VRFC 10-307] analyzing entity zsys_rst_processing_system7_0_50M_0
INFO: [VRFC 10-163] Analyzing VHDL file "D:/Zynq/Ant_HDMI_AudioPWM/Ant_HDMI_AudioPWM.ip_user_files/bd/zsys/ipshared/596e/hdl/axi_i2s_adi_v1_2.vhd" into library xil_defaultlib
ERROR: [VRFC 10-149] 'i2s_controller' is not compiled in library axi_i2s_adi_v1_00_a [D:/Zynq/Ant_HDMI_AudioPWM/Ant_HDMI_AudioPWM.ip_user_files/bd/zsys/ipshared/596e/hdl/axi_i2s_adi_v1_2.vhd:8]
ERROR: [VRFC 10-149] 'axi_streaming_dma_rx_fifo' is not compiled in library adi_common_v1_00_a [D:/Zynq/Ant_HDMI_AudioPWM/Ant_HDMI_AudioPWM.ip_user_files/bd/zsys/ipshared/596e/hdl/axi_i2s_adi_v1_2.vhd:11]
ERROR: [VRFC 10-149] 'axi_streaming_dma_tx_fifo' is not compiled in library adi_common_v1_00_a [D:/Zynq/Ant_HDMI_AudioPWM/Ant_HDMI_AudioPWM.ip_user_files/bd/zsys/ipshared/596e/hdl/axi_i2s_adi_v1_2.vhd:12]
ERROR: [VRFC 10-149] 'pl330_dma_fifo' is not compiled in library adi_common_v1_00_a [D:/Zynq/Ant_HDMI_AudioPWM/Ant_HDMI_AudioPWM.ip_user_files/bd/zsys/ipshared/596e/hdl/axi_i2s_adi_v1_2.vhd:13]
ERROR: [VRFC 10-149] 'axi_ctrlif' is not compiled in library adi_common_v1_00_a [D:/Zynq/Ant_HDMI_AudioPWM/Ant_HDMI_AudioPWM.ip_user_files/bd/zsys/ipshared/596e/hdl/axi_i2s_adi_v1_2.vhd:14]
INFO: [VRFC 10-307] analyzing entity axi_i2s_adi_v1_2
ERROR: [VRFC 10-1504] unit axi_i2s_adi_v1_2 ignored due to previous errors [D:/Zynq/Ant_HDMI_AudioPWM/Ant_HDMI_AudioPWM.ip_user_files/bd/zsys/ipshared/596e/hdl/axi_i2s_adi_v1_2.vhd:17]
INFO: [VRFC 10-240] VHDL file D:/Zynq/Ant_HDMI_AudioPWM/Ant_HDMI_AudioPWM.ip_user_files/bd/zsys/ipshared/596e/hdl/axi_i2s_adi_v1_2.vhd ignored due to errors
INFO: [VRFC 10-163] Analyzing VHDL file "D:/Zynq/Ant_HDMI_AudioPWM/Ant_HDMI_AudioPWM.ip_user_files/bd/zsys/ipshared/596e/hdl/i2s_rx.vhd" into library axi_i2s_adi_v1_00_a
INFO: [VRFC 10-307] analyzing entity i2s_rx
INFO: [VRFC 10-163] Analyzing VHDL file "D:/Zynq/Ant_HDMI_AudioPWM/Ant_HDMI_AudioPWM.ip_user_files/bd/zsys/ipshared/596e/hdl/i2s_tx.vhd" into library axi_i2s_adi_v1_00_a
INFO: [VRFC 10-307] analyzing entity i2s_tx
INFO: [VRFC 10-163] Analyzing VHDL file "D:/Zynq/Ant_HDMI_AudioPWM/Ant_HDMI_AudioPWM.ip_user_files/bd/zsys/ipshared/596e/hdl/i2s_clkgen.vhd" into library axi_i2s_adi_v1_00_a
INFO: [VRFC 10-307] analyzing entity i2s_clkgen
INFO: [VRFC 10-163] Analyzing VHDL file "D:/Zynq/Ant_HDMI_AudioPWM/Ant_HDMI_AudioPWM.ip_user_files/bd/zsys/ipshared/596e/hdl/fifo_synchronizer.vhd" into library axi_i2s_adi_v1_00_a
INFO: [VRFC 10-307] analyzing entity fifo_synchronizer
INFO: [VRFC 10-163] Analyzing VHDL file "D:/Zynq/Ant_HDMI_AudioPWM/Ant_HDMI_AudioPWM.ip_user_files/bd/zsys/ipshared/596e/hdl/i2s_controller.vhd" into library axi_i2s_adi_v1_00_a
INFO: [VRFC 10-307] analyzing entity i2s_controller
INFO: [VRFC 10-163] Analyzing VHDL file "D:/Zynq/Ant_HDMI_AudioPWM/Ant_HDMI_AudioPWM.ip_user_files/bd/zsys/ipshared/596e/hdl/adi_common/axi_ctrlif.vhd" into library adi_common_v1_00_a
INFO: [VRFC 10-307] analyzing entity axi_ctrlif
INFO: [VRFC 10-163] Analyzing VHDL file "D:/Zynq/Ant_HDMI_AudioPWM/Ant_HDMI_AudioPWM.ip_user_files/bd/zsys/ipshared/596e/hdl/adi_common/axi_streaming_dma_rx_fifo.vhd" into library adi_common_v1_00_a
ERROR: [VRFC 10-149] 'dma_fifo' is not compiled in library adi_common_v1_00_a [D:/Zynq/Ant_HDMI_AudioPWM/Ant_HDMI_AudioPWM.ip_user_files/bd/zsys/ipshared/596e/hdl/adi_common/axi_streaming_dma_rx_fifo.vhd:5]
INFO: [VRFC 10-307] analyzing entity axi_streaming_dma_rx_fifo
ERROR: [VRFC 10-1504] unit axi_streaming_dma_rx_fifo ignored due to previous errors [D:/Zynq/Ant_HDMI_AudioPWM/Ant_HDMI_AudioPWM.ip_user_files/bd/zsys/ipshared/596e/hdl/adi_common/axi_streaming_dma_rx_fifo.vhd:7]
INFO: [VRFC 10-240] VHDL file D:/Zynq/Ant_HDMI_AudioPWM/Ant_HDMI_AudioPWM.ip_user_files/bd/zsys/ipshared/596e/hdl/adi_common/axi_streaming_dma_rx_fifo.vhd ignored due to errors
INFO: [VRFC 10-163] Analyzing VHDL file "D:/Zynq/Ant_HDMI_AudioPWM/Ant_HDMI_AudioPWM.ip_user_files/bd/zsys/ipshared/596e/hdl/axi_i2s_adi_S_AXI.vhd" into library xil_defaultlib
INFO: [VRFC 10-307] analyzing entity axi_i2s_adi_S_AXI
INFO: [VRFC 10-163] Analyzing VHDL file "D:/Zynq/Ant_HDMI_AudioPWM/Ant_HDMI_AudioPWM.ip_user_files/bd/zsys/ip/zsys_axi_i2s_adi_0_0/sim/zsys_axi_i2s_adi_0_0.vhd" into library xil_defaultlib
INFO: [VRFC 10-307] analyzing entity zsys_axi_i2s_adi_0_0
INFO: [VRFC 10-163] Analyzing VHDL file "D:/Zynq/Ant_HDMI_AudioPWM/Ant_HDMI_AudioPWM.srcs/sources_1/bd/zsys/ipshared/44c1/hdl/axis_to_i2s.vhd" into library xil_defaultlib
INFO: [VRFC 10-307] analyzing entity axis_to_i2s
INFO: [VRFC 10-163] Analyzing VHDL file "D:/Zynq/Ant_HDMI_AudioPWM/Ant_HDMI_AudioPWM.ip_user_files/bd/zsys/ip/zsys_axis_to_i2s_0_0/sim/zsys_axis_to_i2s_0_0.vhd" into library xil_defaultlib
INFO: [VRFC 10-307] analyzing entity zsys_axis_to_i2s_0_0
INFO: [VRFC 10-163] Analyzing VHDL file "D:/Zynq/Ant_HDMI_AudioPWM/Ant_HDMI_AudioPWM.srcs/sources_1/bd/zsys/ipshared/206f/hdl/i2s_to_pwm.vhd" into library xil_defaultlib
INFO: [VRFC 10-307] analyzing entity i2s_to_pwm
INFO: [VRFC 10-163] Analyzing VHDL file "D:/Zynq/Ant_HDMI_AudioPWM/Ant_HDMI_AudioPWM.ip_user_files/bd/zsys/ip/zsys_i2s_to_pwm_0_0/sim/zsys_i2s_to_pwm_0_0.vhd" into library xil_defaultlib
INFO: [VRFC 10-307] analyzing entity zsys_i2s_to_pwm_0_0
INFO: [VRFC 10-163] Analyzing VHDL file "D:/Zynq/Ant_HDMI_AudioPWM/Ant_HDMI_AudioPWM.ip_user_files/bd/zsys/ip/zsys_xadc_wiz_0_0/zsys_xadc_wiz_0_0_drp_to_axi_stream.vhd" into library xil_defaultlib
INFO: [VRFC 10-307] analyzing entity drp_to_axi4stream
INFO: [VRFC 10-163] Analyzing VHDL file "D:/Zynq/Ant_HDMI_AudioPWM/Ant_HDMI_AudioPWM.ip_user_files/bd/zsys/ip/zsys_xadc_wiz_0_0/zsys_xadc_wiz_0_0_xadc_core_drp.vhd" into library xil_defaultlib
INFO: [VRFC 10-307] analyzing entity zsys_xadc_wiz_0_0_xadc_core_drp
INFO: [VRFC 10-163] Analyzing VHDL file "D:/Zynq/Ant_HDMI_AudioPWM/Ant_HDMI_AudioPWM.ip_user_files/bd/zsys/ip/zsys_xadc_wiz_0_0/zsys_xadc_wiz_0_0_axi_xadc.vhd" into library xil_defaultlib
INFO: [VRFC 10-307] analyzing entity zsys_xadc_wiz_0_0_axi_xadc
INFO: [VRFC 10-163] Analyzing VHDL file "D:/Zynq/Ant_HDMI_AudioPWM/Ant_HDMI_AudioPWM.ip_user_files/bd/zsys/ip/zsys_xadc_wiz_0_0/zsys_xadc_wiz_0_0.vhd" into library xil_defaultlib
INFO: [VRFC 10-307] analyzing entity zsys_xadc_wiz_0_0
INFO: [VRFC 10-163] Analyzing VHDL file "D:/Zynq/Ant_HDMI_AudioPWM/Ant_HDMI_AudioPWM.ip_user_files/bd/zsys/sim/zsys.vhd" into library xil_defaultlib
INFO: [VRFC 10-307] analyzing entity audio_imp_1P9NOCO
INFO: [VRFC 10-307] analyzing entity m00_couplers_imp_1FQ8Y7U
INFO: [VRFC 10-307] analyzing entity m01_couplers_imp_AXBQKS
INFO: [VRFC 10-307] analyzing entity m02_couplers_imp_P91CBB
INFO: [VRFC 10-307] analyzing entity m03_couplers_imp_1IYBMJL
INFO: [VRFC 10-307] analyzing entity m04_couplers_imp_19FT0DD
INFO: [VRFC 10-307] analyzing entity m05_couplers_imp_HF9FTJ
INFO: [VRFC 10-307] analyzing entity resets_imp_BXH7YA
INFO: [VRFC 10-307] analyzing entity s00_couplers_imp_1CXSKC1
INFO: [VRFC 10-307] analyzing entity s00_couplers_imp_YMICCV
INFO: [VRFC 10-307] analyzing entity zsys_axi_mem_intercon_0
INFO: [VRFC 10-307] analyzing entity zsys_processing_system7_0_axi_periph_0
INFO: [VRFC 10-307] analyzing entity video_out_imp_VOY96P
INFO: [VRFC 10-307] analyzing entity zsys
INFO: [VRFC 10-163] Analyzing VHDL file "D:/Zynq/Ant_HDMI_AudioPWM/Ant_HDMI_AudioPWM.srcs/sources_1/bd/zsys/hdl/zsys_wrapper.vhd" into library xil_defaultlib
INFO: [VRFC 10-307] analyzing entity zsys_wrapper
